#
# A fatal error has been detected by the Java Runtime Environment:
#
#  SIGSEGV (0xb) at pc=0x0000000111004b94, pid=97245, tid=7683
#
# JRE version: OpenJDK Runtime Environment Corretto-16.0.2.7.1 (16.0.2+7) (build 16.0.2+7)
# Java VM: OpenJDK 64-Bit Server VM Corretto-16.0.2.7.1 (16.0.2+7, mixed mode, sharing, tiered, compressed oops, compressed class ptrs, g1 gc, bsd-amd64)
# Problematic frame:
# V  [libjvm.dylib+0x4b94]  AccessInternal::PostRuntimeDispatch<G1BarrierSet::AccessBarrier<548964ull, G1BarrierSet>, (AccessInternal::BarrierType)2, 548964ull>::oop_access_barrier(void*)+0x4
#
# No core dump will be written. Core dumps have been disabled. To enable core dumping, try "ulimit -c unlimited" before starting Java again
#
# If you would like to submit a bug report, please visit:
#   https://github.com/corretto/corretto-jdk/issues/
#

---------------  S U M M A R Y ------------

Command Line: -Dfile.encoding=UTF-8 -Duser.country=AU -Duser.language=zh -Duser.variant MBS.App

Host: MacBookPro17,1 x86_64 2400 MHz, 8 cores, 8G, Darwin 20.6.0, macOS 11.5.2 (20G95)
Time: Sat Oct 23 14:20:44 2021 AEDT elapsed time: 64.297044 seconds (0d 0h 1m 4s)

---------------  T H R E A D  ---------------

Current thread (0x00007f822a812600):  JavaThread "main" [_thread_in_vm, id=7683, stack(0x000000030d3d0000,0x000000030d4d0000)]

Stack: [0x000000030d3d0000,0x000000030d4d0000],  sp=0x000000030d4cf770,  free space=1021k
Native frames: (J=compiled Java code, A=aot compiled Java code, j=interpreted, Vv=VM code, C=native code)
V  [libjvm.dylib+0x4b94]  AccessInternal::PostRuntimeDispatch<G1BarrierSet::AccessBarrier<548964ull, G1BarrierSet>, (AccessInternal::BarrierType)2, 548964ull>::oop_access_barrier(void*)+0x4
V  [libjvm.dylib+0x585a75]  jni_GetStringUTFChars+0xd5
C  [sqlite-3.8.11.2-4e6a6c8f-1c74-43ba-a38f-986c512febb0-libsqlitejdbc.jnilib+0x221d]  Java_org_sqlite_core_NativeDB__1exec+0x6d
j  org.sqlite.core.NativeDB._exec(Ljava/lang/String;)I+0
j  org.sqlite.jdbc3.JDBC3Statement.executeUpdate(Ljava/lang/String;)I+46
j  MBS.SqliteConnector.updateStaff()V+13
j  MBS.ManagerUI.AddStaff()V+161
j  MBS.ManagerUI.Operation()V+151
j  MBS.App.main([Ljava/lang/String;)V+138
v  ~StubRoutines::call_stub
V  [libjvm.dylib+0x5166c1]  JavaCalls::call_helper(JavaValue*, methodHandle const&, JavaCallArguments*, Thread*)+0x2b1
V  [libjvm.dylib+0x57c8a9]  jni_invoke_static(JNIEnv_*, JavaValue*, _jobject*, JNICallType, _jmethodID*, JNI_ArgumentPusher*, Thread*)+0x149
V  [libjvm.dylib+0x5800b1]  jni_CallStaticVoidMethod+0x1a1
C  [libjli.dylib+0x50ff]  JavaMain+0x9bf
C  [libjli.dylib+0x7869]  ThreadJavaMain+0x9
C  [libsystem_pthread.dylib+0x68fc]  _pthread_start+0xe0
C  [libsystem_pthread.dylib+0x2443]  thread_start+0xf

Java frames: (J=compiled Java code, j=interpreted, Vv=VM code)
j  org.sqlite.core.NativeDB._exec(Ljava/lang/String;)I+0
j  org.sqlite.jdbc3.JDBC3Statement.executeUpdate(Ljava/lang/String;)I+46
j  MBS.SqliteConnector.updateStaff()V+13
j  MBS.ManagerUI.AddStaff()V+161
j  MBS.ManagerUI.Operation()V+151
j  MBS.App.main([Ljava/lang/String;)V+138
v  ~StubRoutines::call_stub

siginfo: si_signo: 11 (SIGSEGV), si_code: 1 (SEGV_MAPERR), si_addr: 0x0000000000000000

Register to memory mapping:

RAX=0xfffffffffffffffe is an unknown value
RBX=0x00007f822a812910 points into unknown readable memory: 0x0000000111cfa700 | 00 a7 cf 11 01 00 00 00
RCX=0x00000001115859a0: jni_GetStringUTFChars+0 in /Users/liujunwen/Library/Java/JavaVirtualMachines/corretto-16.0.2/Contents/Home/lib/server/libjvm.dylib at 0x0000000111000000
RDX=0x0 is NULL
RSP=0x000000030d4cf770 is pointing into the stack for thread: 0x00007f822a812600
RBP=0x000000030d4cf770 is pointing into the stack for thread: 0x00007f822a812600
RSI=0x0 is NULL
RDI=0x0 is NULL
R8 ={method} {0x0000000132429250} '_exec' '(Ljava/lang/String;)I' in 'org/sqlite/core/NativeDB'
R9 =0x0000000787bd15a8 is an oop: org.sqlite.core.NativeDB 
{0x0000000787bd15a8} - klass: 'org/sqlite/core/NativeDB'
R10=0x0000000000000028 is an unknown value
R11=0x0000000000000008 is an unknown value
R12=0x00007f822a812600 is a thread
R13=0x0000000132429248 is pointing into metadata
R14=0x0 is NULL
R15=0x0 is NULL


Registers:
RAX=0xfffffffffffffffe, RBX=0x00007f822a812910, RCX=0x00000001115859a0, RDX=0x0000000000000000
RSP=0x000000030d4cf770, RBP=0x000000030d4cf770, RSI=0x0000000000000000, RDI=0x0000000000000000
R8 =0x0000000132429250, R9 =0x0000000787bd15a8, R10=0x0000000000000028, R11=0x0000000000000008
R12=0x00007f822a812600, R13=0x0000000132429248, R14=0x0000000000000000, R15=0x0000000000000000
RIP=0x0000000111004b94, EFLAGS=0x0000000000000246, ERR=0x0000000000000004
  TRAPNO=0x000000000000000e

Top of Stack: (sp=0x000000030d4cf770)
0x000000030d4cf770:   000000030d4cf800 0000000111585a75
0x000000030d4cf780:   00000000000003d8 000000030d4cf827
0x000000030d4cf790:   000000030d4cf810 0000000132429248
0x000000030d4cf7a0:   00000001349fb1b0 00007f822a812600
0x000000030d4cf7b0:   0000000000000000 000000011186e687
0x000000030d4cf7c0:   000000030d4cf800 00007f822a812600
0x000000030d4cf7d0:   00007f8228e31150 0000000132429250
0x000000030d4cf7e0:   0000000000000000 0000000132429248
0x000000030d4cf7f0:   000000030d4cf8f0 00007f822a812600
0x000000030d4cf800:   000000030d4cf850 00000001349fb21d
0x000000030d4cf810:   0000000132429250 00007f822a812600
0x000000030d4cf820:   000000030d4cf8f0 00007f8228e31150
0x000000030d4cf830:   0000000000000000 000000030d4cf8f0
0x000000030d4cf840:   00007f822a812910 000000011c2f631d
0x000000030d4cf850:   000000030d4cf8c8 000000011c2f6496
0x000000030d4cf860:   000000030d4cf8c8 000000011c2f610d
0x000000030d4cf870:   0000000000000001 0000000787bd15a8
0x000000030d4cf880:   000000030d4cf870 0000000132429248
0x000000030d4cf890:   000000030d4cf8f0 000000013246f970
0x000000030d4cf8a0:   0000000000000000 0000000787d37018
0x000000030d4cf8b0:   0000000132429250 0000000000000000
0x000000030d4cf8c0:   000000030d4cf8e8 000000030d4cf940
0x000000030d4cf8d0:   000000011c2f1335 0000000000000000
0x000000030d4cf8e0:   000000011c2f3356 0000000000000000
0x000000030d4cf8f0:   0000000787bd15a8 000000030d4cf8f8
0x000000030d4cf900:   000000013247aad6 000000030d4cf978
0x000000030d4cf910:   0000000132498848 0000000000000000
0x000000030d4cf920:   0000000787be08d0 000000013247ab70
0x000000030d4cf930:   000000030d4cf8e8 000000030d4cf970
0x000000030d4cf940:   000000030d4cf9c8 000000011c2f17ad
0x000000030d4cf950:   0000000000000000 0000000000000000
0x000000030d4cf960:   0000000000000000 0000000000000000 

Instructions: (pc=0x0000000111004b94)
0x0000000111004a94:   83 c7 fc 83 ff 0b 73 0f 48 63 c7 48 8d 0d 96 b5
0x0000000111004aa4:   be 00 8b 04 81 5d c3 48 8d 3d 8b 26 b6 00 be 9c
0x0000000111004ab4:   00 00 00 e8 24 7e 35 00 e8 6f 6f 89 00 31 c0 5d
0x0000000111004ac4:   c3 66 2e 0f 1f 84 00 00 00 00 00 90 55 48 89 e5
0x0000000111004ad4:   48 8b 47 08 0f b7 48 32 0f b7 40 30 8d 44 01 19
0x0000000111004ae4:   5d c3 66 2e 0f 1f 84 00 00 00 00 00 55 48 89 e5
0x0000000111004af4:   53 50 48 89 fb 48 8d 0d 08 3f d3 00 48 8d 05 b9
0x0000000111004b04:   72 d2 00 48 8b 00 8b 40 10 ff c8 80 39 00 74 10
0x0000000111004b14:   83 f8 05 73 1f 48 98 48 8d 0d ce 0b c3 00 eb 0e
0x0000000111004b24:   83 f8 05 73 0f 48 98 48 8d 0d e6 0b c3 00 48 8b
0x0000000111004b34:   04 c1 eb 21 48 8d 3d 2e 26 b6 00 48 8d 15 5e 7d
0x0000000111004b44:   b9 00 be e8 00 00 00 31 c0 e8 8e 7b 35 00 e8 d9
0x0000000111004b54:   6e 89 00 31 c0 48 89 05 80 a4 d0 00 48 89 df 48
0x0000000111004b64:   83 c4 08 5b 5d ff e0 0f 1f 44 00 00 55 48 89 e5
0x0000000111004b74:   48 8b 07 5d c3 0f 1f 80 00 00 00 00 55 48 89 e5
0x0000000111004b84:   48 8b 07 5d c3 0f 1f 80 00 00 00 00 55 48 89 e5
0x0000000111004b94:   48 8b 07 5d c3 0f 1f 80 00 00 00 00 55 48 89 e5
0x0000000111004ba4:   41 56 53 48 8b 1f 48 85 db 74 33 49 89 fe 48 8d
0x0000000111004bb4:   05 07 72 d2 00 48 8b 38 48 89 de e8 9c 00 00 00
0x0000000111004bc4:   48 89 c1 48 39 d8 74 18 48 8d 05 fa 43 cf 00 80
0x0000000111004bd4:   38 00 74 0c 48 89 d8 f0 49 0f b1 0e eb 02 31 c9
0x0000000111004be4:   48 89 c8 5b 41 5e 5d c3 0f 1f 40 00 55 48 89 e5
0x0000000111004bf4:   41 57 41 56 53 50 48 8b 1f 4c 8d 3d 64 42 d6 00
0x0000000111004c04:   49 85 1f 74 47 49 89 fe 48 89 df e8 6c 9b b2 00
0x0000000111004c14:   48 89 c1 48 85 c0 74 31 48 89 d8 f0 49 0f b1 0e
0x0000000111004c24:   48 39 d8 0f 84 20 00 00 00 48 89 c2 49 85 17 74
0x0000000111004c34:   03 48 89 d3 74 13 48 89 d8 f0 49 0f b1 0e 48 39
0x0000000111004c44:   d8 48 89 d3 48 89 c2 75 e3 48 89 cb 48 89 d8 48
0x0000000111004c54:   83 c4 08 5b 41 5e 41 5f 5d c3 66 90 55 48 89 e5
0x0000000111004c64:   41 57 41 56 41 55 41 54 53 50 49 89 f4 48 8d 05
0x0000000111004c74:   53 43 cf 00 80 38 00 74 55 49 89 fe 48 8b 47 38
0x0000000111004c84:   8a 80 f0 02 00 00 a8 01 74 44 49 8b 46 38 48 8b 


Stack slot to memory mapping:
stack at sp + 0 slots: 0x000000030d4cf800 is pointing into the stack for thread: 0x00007f822a812600
stack at sp + 1 slots: 0x0000000111585a75: jni_GetStringUTFChars+0xd5 in /Users/liujunwen/Library/Java/JavaVirtualMachines/corretto-16.0.2/Contents/Home/lib/server/libjvm.dylib at 0x0000000111000000
stack at sp + 2 slots: 0x00000000000003d8 is an unknown value
stack at sp + 3 slots: 0x000000030d4cf827 is pointing into the stack for thread: 0x00007f822a812600
stack at sp + 4 slots: 0x000000030d4cf810 is pointing into the stack for thread: 0x00007f822a812600
stack at sp + 5 slots: 0x0000000132429248 is pointing into metadata
stack at sp + 6 slots: 0x00000001349fb1b0: Java_org_sqlite_core_NativeDB__1exec+0 in /private/var/folders/bs/6xdzydc55y13967hz3y_5sjr0000gn/T/sqlite-3.8.11.2-4e6a6c8f-1c74-43ba-a38f-986c512febb0-libsqlitejdbc.jnilib at 0x00000001349f9000
stack at sp + 7 slots: 0x00007f822a812600 is a thread


---------------  P R O C E S S  ---------------

Threads class SMR info:
_java_thread_list=0x00007f8228c61410, length=11, elements={
0x00007f822a812600, 0x00007f822a8bd800, 0x00007f822a8c0000, 0x00007f8229812800,
0x00007f8229827a00, 0x00007f822a8be600, 0x00007f822a8c3000, 0x00007f822a8c3600,
0x00007f822900be00, 0x00007f822a8c4400, 0x00007f8229815600
}

Java Threads: ( => current thread )
=>0x00007f822a812600 JavaThread "main" [_thread_in_vm, id=7683, stack(0x000000030d3d0000,0x000000030d4d0000)]
  0x00007f822a8bd800 JavaThread "Reference Handler" daemon [_thread_blocked, id=43359, stack(0x000000030dae5000,0x000000030dbe5000)]
  0x00007f822a8c0000 JavaThread "Finalizer" daemon [_thread_blocked, id=42499, stack(0x000000030dbe8000,0x000000030dce8000)]
  0x00007f8229812800 JavaThread "Signal Dispatcher" daemon [_thread_blocked, id=39427, stack(0x000000030ddfb000,0x000000030defb000)]
  0x00007f8229827a00 JavaThread "Service Thread" daemon [_thread_blocked, id=23299, stack(0x000000030defe000,0x000000030dffe000)]
  0x00007f822a8be600 JavaThread "Monitor Deflation Thread" daemon [_thread_blocked, id=23555, stack(0x000000030e001000,0x000000030e101000)]
  0x00007f822a8c3000 JavaThread "C2 CompilerThread0" daemon [_thread_blocked, id=38659, stack(0x000000030e104000,0x000000030e204000)]
  0x00007f822a8c3600 JavaThread "C1 CompilerThread0" daemon [_thread_blocked, id=38403, stack(0x000000030e207000,0x000000030e307000)]
  0x00007f822900be00 JavaThread "Sweeper thread" daemon [_thread_blocked, id=37891, stack(0x000000030e30a000,0x000000030e40a000)]
  0x00007f822a8c4400 JavaThread "Notification Thread" daemon [_thread_blocked, id=37023, stack(0x000000030e40d000,0x000000030e50d000)]
  0x00007f8229815600 JavaThread "Common-Cleaner" daemon [_thread_blocked, id=36383, stack(0x000000030e613000,0x000000030e713000)]

Other Threads:
  0x00007f8228c4d3d0 VMThread "VM Thread" [stack: 0x000000030d9e2000,0x000000030dae2000] [id=15619]
  0x00007f8228c60940 WatcherThread [stack: 0x000000030e510000,0x000000030e610000] [id=24579]
  0x00007f8228c1f9c0 GCTaskThread "GC Thread#0" [stack: 0x000000030d4d3000,0x000000030d5d3000] [id=18179]
  0x00007f8228e08ba0 ConcurrentGCThread "G1 Main Marker" [stack: 0x000000030d5d6000,0x000000030d6d6000] [id=17667]
  0x00007f8228c20500 ConcurrentGCThread "G1 Conc#0" [stack: 0x000000030d6d9000,0x000000030d7d9000] [id=17155]
  0x00007f8228c3cee0 ConcurrentGCThread "G1 Refine#0" [stack: 0x000000030d7dc000,0x000000030d8dc000] [id=14083]
  0x00007f8228c3ddb0 ConcurrentGCThread "G1 Service" [stack: 0x000000030d8df000,0x000000030d9df000] [id=14339]

Threads with active compile tasks:

VM state: not at safepoint (normal execution)

VM Mutex/Monitor currently owned by a thread: None

Heap address: 0x0000000780000000, size: 2048 MB, Compressed Oops mode: Zero based, Oop shift amount: 3

CDS archive(s) mapped at: [0x0000000800000000-0x0000000800bec000-0x0000000800bec000), size 12500992, SharedBaseAddress: 0x0000000800000000, ArchiveRelocationMode: 0.
Compressed class space mapped at: 0x0000000800c00000-0x0000000840c00000, reserved size: 1073741824
Narrow klass base: 0x0000000800000000, Narrow klass shift: 3, Narrow klass range: 0x100000000

GC Precious Log:
 CPUs: 8 total, 8 available
 Memory: 8192M
 Large Page Support: Disabled
 NUMA Support: Disabled
 Compressed Oops: Enabled (Zero based)
 Heap Region Size: 1M
 Heap Min Capacity: 8M
 Heap Initial Capacity: 128M
 Heap Max Capacity: 2G
 Pre-touch: Disabled
 Parallel Workers: 8
 Concurrent Workers: 2
 Concurrent Refinement Workers: 8
 Periodic GC: Disabled

Heap:
 garbage-first heap   total 133120K, used 6120K [0x0000000780000000, 0x0000000800000000)
  region size 1024K, 6 young (6144K), 0 survivors (0K)
 Metaspace       used 2186K, committed 2368K, reserved 1056768K
  class space    used 183K, committed 256K, reserved 1048576K

Heap Regions: E=young(eden), S=young(survivor), O=old, HS=humongous(starts), HC=humongous(continues), CS=collection set, F=free, OA=open archive, CA=closed archive, TAMS=top-at-mark-start (previous, next)
|   0|0x0000000780000000, 0x0000000780000000, 0x0000000780100000|  0%| F|  |TAMS 0x0000000780000000, 0x0000000780000000| Untracked 
|   1|0x0000000780100000, 0x0000000780100000, 0x0000000780200000|  0%| F|  |TAMS 0x0000000780100000, 0x0000000780100000| Untracked 
|   2|0x0000000780200000, 0x0000000780200000, 0x0000000780300000|  0%| F|  |TAMS 0x0000000780200000, 0x0000000780200000| Untracked 
|   3|0x0000000780300000, 0x0000000780300000, 0x0000000780400000|  0%| F|  |TAMS 0x0000000780300000, 0x0000000780300000| Untracked 
|   4|0x0000000780400000, 0x0000000780400000, 0x0000000780500000|  0%| F|  |TAMS 0x0000000780400000, 0x0000000780400000| Untracked 
|   5|0x0000000780500000, 0x0000000780500000, 0x0000000780600000|  0%| F|  |TAMS 0x0000000780500000, 0x0000000780500000| Untracked 
|   6|0x0000000780600000, 0x0000000780600000, 0x0000000780700000|  0%| F|  |TAMS 0x0000000780600000, 0x0000000780600000| Untracked 
|   7|0x0000000780700000, 0x0000000780700000, 0x0000000780800000|  0%| F|  |TAMS 0x0000000780700000, 0x0000000780700000| Untracked 
|   8|0x0000000780800000, 0x0000000780800000, 0x0000000780900000|  0%| F|  |TAMS 0x0000000780800000, 0x0000000780800000| Untracked 
|   9|0x0000000780900000, 0x0000000780900000, 0x0000000780a00000|  0%| F|  |TAMS 0x0000000780900000, 0x0000000780900000| Untracked 
|  10|0x0000000780a00000, 0x0000000780a00000, 0x0000000780b00000|  0%| F|  |TAMS 0x0000000780a00000, 0x0000000780a00000| Untracked 
|  11|0x0000000780b00000, 0x0000000780b00000, 0x0000000780c00000|  0%| F|  |TAMS 0x0000000780b00000, 0x0000000780b00000| Untracked 
|  12|0x0000000780c00000, 0x0000000780c00000, 0x0000000780d00000|  0%| F|  |TAMS 0x0000000780c00000, 0x0000000780c00000| Untracked 
|  13|0x0000000780d00000, 0x0000000780d00000, 0x0000000780e00000|  0%| F|  |TAMS 0x0000000780d00000, 0x0000000780d00000| Untracked 
|  14|0x0000000780e00000, 0x0000000780e00000, 0x0000000780f00000|  0%| F|  |TAMS 0x0000000780e00000, 0x0000000780e00000| Untracked 
|  15|0x0000000780f00000, 0x0000000780f00000, 0x0000000781000000|  0%| F|  |TAMS 0x0000000780f00000, 0x0000000780f00000| Untracked 
|  16|0x0000000781000000, 0x0000000781000000, 0x0000000781100000|  0%| F|  |TAMS 0x0000000781000000, 0x0000000781000000| Untracked 
|  17|0x0000000781100000, 0x0000000781100000, 0x0000000781200000|  0%| F|  |TAMS 0x0000000781100000, 0x0000000781100000| Untracked 
|  18|0x0000000781200000, 0x0000000781200000, 0x0000000781300000|  0%| F|  |TAMS 0x0000000781200000, 0x0000000781200000| Untracked 
|  19|0x0000000781300000, 0x0000000781300000, 0x0000000781400000|  0%| F|  |TAMS 0x0000000781300000, 0x0000000781300000| Untracked 
|  20|0x0000000781400000, 0x0000000781400000, 0x0000000781500000|  0%| F|  |TAMS 0x0000000781400000, 0x0000000781400000| Untracked 
|  21|0x0000000781500000, 0x0000000781500000, 0x0000000781600000|  0%| F|  |TAMS 0x0000000781500000, 0x0000000781500000| Untracked 
|  22|0x0000000781600000, 0x0000000781600000, 0x0000000781700000|  0%| F|  |TAMS 0x0000000781600000, 0x0000000781600000| Untracked 
|  23|0x0000000781700000, 0x0000000781700000, 0x0000000781800000|  0%| F|  |TAMS 0x0000000781700000, 0x0000000781700000| Untracked 
|  24|0x0000000781800000, 0x0000000781800000, 0x0000000781900000|  0%| F|  |TAMS 0x0000000781800000, 0x0000000781800000| Untracked 
|  25|0x0000000781900000, 0x0000000781900000, 0x0000000781a00000|  0%| F|  |TAMS 0x0000000781900000, 0x0000000781900000| Untracked 
|  26|0x0000000781a00000, 0x0000000781a00000, 0x0000000781b00000|  0%| F|  |TAMS 0x0000000781a00000, 0x0000000781a00000| Untracked 
|  27|0x0000000781b00000, 0x0000000781b00000, 0x0000000781c00000|  0%| F|  |TAMS 0x0000000781b00000, 0x0000000781b00000| Untracked 
|  28|0x0000000781c00000, 0x0000000781c00000, 0x0000000781d00000|  0%| F|  |TAMS 0x0000000781c00000, 0x0000000781c00000| Untracked 
|  29|0x0000000781d00000, 0x0000000781d00000, 0x0000000781e00000|  0%| F|  |TAMS 0x0000000781d00000, 0x0000000781d00000| Untracked 
|  30|0x0000000781e00000, 0x0000000781e00000, 0x0000000781f00000|  0%| F|  |TAMS 0x0000000781e00000, 0x0000000781e00000| Untracked 
|  31|0x0000000781f00000, 0x0000000781f00000, 0x0000000782000000|  0%| F|  |TAMS 0x0000000781f00000, 0x0000000781f00000| Untracked 
|  32|0x0000000782000000, 0x0000000782000000, 0x0000000782100000|  0%| F|  |TAMS 0x0000000782000000, 0x0000000782000000| Untracked 
|  33|0x0000000782100000, 0x0000000782100000, 0x0000000782200000|  0%| F|  |TAMS 0x0000000782100000, 0x0000000782100000| Untracked 
|  34|0x0000000782200000, 0x0000000782200000, 0x0000000782300000|  0%| F|  |TAMS 0x0000000782200000, 0x0000000782200000| Untracked 
|  35|0x0000000782300000, 0x0000000782300000, 0x0000000782400000|  0%| F|  |TAMS 0x0000000782300000, 0x0000000782300000| Untracked 
|  36|0x0000000782400000, 0x0000000782400000, 0x0000000782500000|  0%| F|  |TAMS 0x0000000782400000, 0x0000000782400000| Untracked 
|  37|0x0000000782500000, 0x0000000782500000, 0x0000000782600000|  0%| F|  |TAMS 0x0000000782500000, 0x0000000782500000| Untracked 
|  38|0x0000000782600000, 0x0000000782600000, 0x0000000782700000|  0%| F|  |TAMS 0x0000000782600000, 0x0000000782600000| Untracked 
|  39|0x0000000782700000, 0x0000000782700000, 0x0000000782800000|  0%| F|  |TAMS 0x0000000782700000, 0x0000000782700000| Untracked 
|  40|0x0000000782800000, 0x0000000782800000, 0x0000000782900000|  0%| F|  |TAMS 0x0000000782800000, 0x0000000782800000| Untracked 
|  41|0x0000000782900000, 0x0000000782900000, 0x0000000782a00000|  0%| F|  |TAMS 0x0000000782900000, 0x0000000782900000| Untracked 
|  42|0x0000000782a00000, 0x0000000782a00000, 0x0000000782b00000|  0%| F|  |TAMS 0x0000000782a00000, 0x0000000782a00000| Untracked 
|  43|0x0000000782b00000, 0x0000000782b00000, 0x0000000782c00000|  0%| F|  |TAMS 0x0000000782b00000, 0x0000000782b00000| Untracked 
|  44|0x0000000782c00000, 0x0000000782c00000, 0x0000000782d00000|  0%| F|  |TAMS 0x0000000782c00000, 0x0000000782c00000| Untracked 
|  45|0x0000000782d00000, 0x0000000782d00000, 0x0000000782e00000|  0%| F|  |TAMS 0x0000000782d00000, 0x0000000782d00000| Untracked 
|  46|0x0000000782e00000, 0x0000000782e00000, 0x0000000782f00000|  0%| F|  |TAMS 0x0000000782e00000, 0x0000000782e00000| Untracked 
|  47|0x0000000782f00000, 0x0000000782f00000, 0x0000000783000000|  0%| F|  |TAMS 0x0000000782f00000, 0x0000000782f00000| Untracked 
|  48|0x0000000783000000, 0x0000000783000000, 0x0000000783100000|  0%| F|  |TAMS 0x0000000783000000, 0x0000000783000000| Untracked 
|  49|0x0000000783100000, 0x0000000783100000, 0x0000000783200000|  0%| F|  |TAMS 0x0000000783100000, 0x0000000783100000| Untracked 
|  50|0x0000000783200000, 0x0000000783200000, 0x0000000783300000|  0%| F|  |TAMS 0x0000000783200000, 0x0000000783200000| Untracked 
|  51|0x0000000783300000, 0x0000000783300000, 0x0000000783400000|  0%| F|  |TAMS 0x0000000783300000, 0x0000000783300000| Untracked 
|  52|0x0000000783400000, 0x0000000783400000, 0x0000000783500000|  0%| F|  |TAMS 0x0000000783400000, 0x0000000783400000| Untracked 
|  53|0x0000000783500000, 0x0000000783500000, 0x0000000783600000|  0%| F|  |TAMS 0x0000000783500000, 0x0000000783500000| Untracked 
|  54|0x0000000783600000, 0x0000000783600000, 0x0000000783700000|  0%| F|  |TAMS 0x0000000783600000, 0x0000000783600000| Untracked 
|  55|0x0000000783700000, 0x0000000783700000, 0x0000000783800000|  0%| F|  |TAMS 0x0000000783700000, 0x0000000783700000| Untracked 
|  56|0x0000000783800000, 0x0000000783800000, 0x0000000783900000|  0%| F|  |TAMS 0x0000000783800000, 0x0000000783800000| Untracked 
|  57|0x0000000783900000, 0x0000000783900000, 0x0000000783a00000|  0%| F|  |TAMS 0x0000000783900000, 0x0000000783900000| Untracked 
|  58|0x0000000783a00000, 0x0000000783a00000, 0x0000000783b00000|  0%| F|  |TAMS 0x0000000783a00000, 0x0000000783a00000| Untracked 
|  59|0x0000000783b00000, 0x0000000783b00000, 0x0000000783c00000|  0%| F|  |TAMS 0x0000000783b00000, 0x0000000783b00000| Untracked 
|  60|0x0000000783c00000, 0x0000000783c00000, 0x0000000783d00000|  0%| F|  |TAMS 0x0000000783c00000, 0x0000000783c00000| Untracked 
|  61|0x0000000783d00000, 0x0000000783d00000, 0x0000000783e00000|  0%| F|  |TAMS 0x0000000783d00000, 0x0000000783d00000| Untracked 
|  62|0x0000000783e00000, 0x0000000783e00000, 0x0000000783f00000|  0%| F|  |TAMS 0x0000000783e00000, 0x0000000783e00000| Untracked 
|  63|0x0000000783f00000, 0x0000000783f00000, 0x0000000784000000|  0%| F|  |TAMS 0x0000000783f00000, 0x0000000783f00000| Untracked 
|  64|0x0000000784000000, 0x0000000784000000, 0x0000000784100000|  0%| F|  |TAMS 0x0000000784000000, 0x0000000784000000| Untracked 
|  65|0x0000000784100000, 0x0000000784100000, 0x0000000784200000|  0%| F|  |TAMS 0x0000000784100000, 0x0000000784100000| Untracked 
|  66|0x0000000784200000, 0x0000000784200000, 0x0000000784300000|  0%| F|  |TAMS 0x0000000784200000, 0x0000000784200000| Untracked 
|  67|0x0000000784300000, 0x0000000784300000, 0x0000000784400000|  0%| F|  |TAMS 0x0000000784300000, 0x0000000784300000| Untracked 
|  68|0x0000000784400000, 0x0000000784400000, 0x0000000784500000|  0%| F|  |TAMS 0x0000000784400000, 0x0000000784400000| Untracked 
|  69|0x0000000784500000, 0x0000000784500000, 0x0000000784600000|  0%| F|  |TAMS 0x0000000784500000, 0x0000000784500000| Untracked 
|  70|0x0000000784600000, 0x0000000784600000, 0x0000000784700000|  0%| F|  |TAMS 0x0000000784600000, 0x0000000784600000| Untracked 
|  71|0x0000000784700000, 0x0000000784700000, 0x0000000784800000|  0%| F|  |TAMS 0x0000000784700000, 0x0000000784700000| Untracked 
|  72|0x0000000784800000, 0x0000000784800000, 0x0000000784900000|  0%| F|  |TAMS 0x0000000784800000, 0x0000000784800000| Untracked 
|  73|0x0000000784900000, 0x0000000784900000, 0x0000000784a00000|  0%| F|  |TAMS 0x0000000784900000, 0x0000000784900000| Untracked 
|  74|0x0000000784a00000, 0x0000000784a00000, 0x0000000784b00000|  0%| F|  |TAMS 0x0000000784a00000, 0x0000000784a00000| Untracked 
|  75|0x0000000784b00000, 0x0000000784b00000, 0x0000000784c00000|  0%| F|  |TAMS 0x0000000784b00000, 0x0000000784b00000| Untracked 
|  76|0x0000000784c00000, 0x0000000784c00000, 0x0000000784d00000|  0%| F|  |TAMS 0x0000000784c00000, 0x0000000784c00000| Untracked 
|  77|0x0000000784d00000, 0x0000000784d00000, 0x0000000784e00000|  0%| F|  |TAMS 0x0000000784d00000, 0x0000000784d00000| Untracked 
|  78|0x0000000784e00000, 0x0000000784e00000, 0x0000000784f00000|  0%| F|  |TAMS 0x0000000784e00000, 0x0000000784e00000| Untracked 
|  79|0x0000000784f00000, 0x0000000784f00000, 0x0000000785000000|  0%| F|  |TAMS 0x0000000784f00000, 0x0000000784f00000| Untracked 
|  80|0x0000000785000000, 0x0000000785000000, 0x0000000785100000|  0%| F|  |TAMS 0x0000000785000000, 0x0000000785000000| Untracked 
|  81|0x0000000785100000, 0x0000000785100000, 0x0000000785200000|  0%| F|  |TAMS 0x0000000785100000, 0x0000000785100000| Untracked 
|  82|0x0000000785200000, 0x0000000785200000, 0x0000000785300000|  0%| F|  |TAMS 0x0000000785200000, 0x0000000785200000| Untracked 
|  83|0x0000000785300000, 0x0000000785300000, 0x0000000785400000|  0%| F|  |TAMS 0x0000000785300000, 0x0000000785300000| Untracked 
|  84|0x0000000785400000, 0x0000000785400000, 0x0000000785500000|  0%| F|  |TAMS 0x0000000785400000, 0x0000000785400000| Untracked 
|  85|0x0000000785500000, 0x0000000785500000, 0x0000000785600000|  0%| F|  |TAMS 0x0000000785500000, 0x0000000785500000| Untracked 
|  86|0x0000000785600000, 0x0000000785600000, 0x0000000785700000|  0%| F|  |TAMS 0x0000000785600000, 0x0000000785600000| Untracked 
|  87|0x0000000785700000, 0x0000000785700000, 0x0000000785800000|  0%| F|  |TAMS 0x0000000785700000, 0x0000000785700000| Untracked 
|  88|0x0000000785800000, 0x0000000785800000, 0x0000000785900000|  0%| F|  |TAMS 0x0000000785800000, 0x0000000785800000| Untracked 
|  89|0x0000000785900000, 0x0000000785900000, 0x0000000785a00000|  0%| F|  |TAMS 0x0000000785900000, 0x0000000785900000| Untracked 
|  90|0x0000000785a00000, 0x0000000785a00000, 0x0000000785b00000|  0%| F|  |TAMS 0x0000000785a00000, 0x0000000785a00000| Untracked 
|  91|0x0000000785b00000, 0x0000000785b00000, 0x0000000785c00000|  0%| F|  |TAMS 0x0000000785b00000, 0x0000000785b00000| Untracked 
|  92|0x0000000785c00000, 0x0000000785c00000, 0x0000000785d00000|  0%| F|  |TAMS 0x0000000785c00000, 0x0000000785c00000| Untracked 
|  93|0x0000000785d00000, 0x0000000785d00000, 0x0000000785e00000|  0%| F|  |TAMS 0x0000000785d00000, 0x0000000785d00000| Untracked 
|  94|0x0000000785e00000, 0x0000000785e00000, 0x0000000785f00000|  0%| F|  |TAMS 0x0000000785e00000, 0x0000000785e00000| Untracked 
|  95|0x0000000785f00000, 0x0000000785f00000, 0x0000000786000000|  0%| F|  |TAMS 0x0000000785f00000, 0x0000000785f00000| Untracked 
|  96|0x0000000786000000, 0x0000000786000000, 0x0000000786100000|  0%| F|  |TAMS 0x0000000786000000, 0x0000000786000000| Untracked 
|  97|0x0000000786100000, 0x0000000786100000, 0x0000000786200000|  0%| F|  |TAMS 0x0000000786100000, 0x0000000786100000| Untracked 
|  98|0x0000000786200000, 0x0000000786200000, 0x0000000786300000|  0%| F|  |TAMS 0x0000000786200000, 0x0000000786200000| Untracked 
|  99|0x0000000786300000, 0x0000000786300000, 0x0000000786400000|  0%| F|  |TAMS 0x0000000786300000, 0x0000000786300000| Untracked 
| 100|0x0000000786400000, 0x0000000786400000, 0x0000000786500000|  0%| F|  |TAMS 0x0000000786400000, 0x0000000786400000| Untracked 
| 101|0x0000000786500000, 0x0000000786500000, 0x0000000786600000|  0%| F|  |TAMS 0x0000000786500000, 0x0000000786500000| Untracked 
| 102|0x0000000786600000, 0x0000000786600000, 0x0000000786700000|  0%| F|  |TAMS 0x0000000786600000, 0x0000000786600000| Untracked 
| 103|0x0000000786700000, 0x0000000786700000, 0x0000000786800000|  0%| F|  |TAMS 0x0000000786700000, 0x0000000786700000| Untracked 
| 104|0x0000000786800000, 0x0000000786800000, 0x0000000786900000|  0%| F|  |TAMS 0x0000000786800000, 0x0000000786800000| Untracked 
| 105|0x0000000786900000, 0x0000000786900000, 0x0000000786a00000|  0%| F|  |TAMS 0x0000000786900000, 0x0000000786900000| Untracked 
| 106|0x0000000786a00000, 0x0000000786a00000, 0x0000000786b00000|  0%| F|  |TAMS 0x0000000786a00000, 0x0000000786a00000| Untracked 
| 107|0x0000000786b00000, 0x0000000786b00000, 0x0000000786c00000|  0%| F|  |TAMS 0x0000000786b00000, 0x0000000786b00000| Untracked 
| 108|0x0000000786c00000, 0x0000000786c00000, 0x0000000786d00000|  0%| F|  |TAMS 0x0000000786c00000, 0x0000000786c00000| Untracked 
| 109|0x0000000786d00000, 0x0000000786d00000, 0x0000000786e00000|  0%| F|  |TAMS 0x0000000786d00000, 0x0000000786d00000| Untracked 
| 110|0x0000000786e00000, 0x0000000786e00000, 0x0000000786f00000|  0%| F|  |TAMS 0x0000000786e00000, 0x0000000786e00000| Untracked 
| 111|0x0000000786f00000, 0x0000000786f00000, 0x0000000787000000|  0%| F|  |TAMS 0x0000000786f00000, 0x0000000786f00000| Untracked 
| 112|0x0000000787000000, 0x0000000787000000, 0x0000000787100000|  0%| F|  |TAMS 0x0000000787000000, 0x0000000787000000| Untracked 
| 113|0x0000000787100000, 0x0000000787100000, 0x0000000787200000|  0%| F|  |TAMS 0x0000000787100000, 0x0000000787100000| Untracked 
| 114|0x0000000787200000, 0x0000000787200000, 0x0000000787300000|  0%| F|  |TAMS 0x0000000787200000, 0x0000000787200000| Untracked 
| 115|0x0000000787300000, 0x0000000787300000, 0x0000000787400000|  0%| F|  |TAMS 0x0000000787300000, 0x0000000787300000| Untracked 
| 116|0x0000000787400000, 0x0000000787400000, 0x0000000787500000|  0%| F|  |TAMS 0x0000000787400000, 0x0000000787400000| Untracked 
| 117|0x0000000787500000, 0x0000000787500000, 0x0000000787600000|  0%| F|  |TAMS 0x0000000787500000, 0x0000000787500000| Untracked 
| 118|0x0000000787600000, 0x0000000787600000, 0x0000000787700000|  0%| F|  |TAMS 0x0000000787600000, 0x0000000787600000| Untracked 
| 119|0x0000000787700000, 0x0000000787700000, 0x0000000787800000|  0%| F|  |TAMS 0x0000000787700000, 0x0000000787700000| Untracked 
| 120|0x0000000787800000, 0x0000000787800000, 0x0000000787900000|  0%| F|  |TAMS 0x0000000787800000, 0x0000000787800000| Untracked 
| 121|0x0000000787900000, 0x0000000787900000, 0x0000000787a00000|  0%| F|  |TAMS 0x0000000787900000, 0x0000000787900000| Untracked 
| 122|0x0000000787a00000, 0x0000000787a7e4b0, 0x0000000787b00000| 49%| E|  |TAMS 0x0000000787a00000, 0x0000000787a00000| Complete 
| 123|0x0000000787b00000, 0x0000000787c00000, 0x0000000787c00000|100%| E|CS|TAMS 0x0000000787b00000, 0x0000000787b00000| Complete 
| 124|0x0000000787c00000, 0x0000000787d00000, 0x0000000787d00000|100%| E|CS|TAMS 0x0000000787c00000, 0x0000000787c00000| Complete 
| 125|0x0000000787d00000, 0x0000000787e00000, 0x0000000787e00000|100%| E|CS|TAMS 0x0000000787d00000, 0x0000000787d00000| Complete 
| 126|0x0000000787e00000, 0x0000000787f00000, 0x0000000787f00000|100%| E|CS|TAMS 0x0000000787e00000, 0x0000000787e00000| Complete 
| 127|0x0000000787f00000, 0x0000000788000000, 0x0000000788000000|100%| E|CS|TAMS 0x0000000787f00000, 0x0000000787f00000| Complete 
|1022|0x00000007bfe00000, 0x00000007bfe75000, 0x00000007bff00000| 45%|OA|  |TAMS 0x00000007bfe00000, 0x00000007bfe00000| Untracked 
|1023|0x00000007bff00000, 0x00000007bff85000, 0x00000007c0000000| 51%|CA|  |TAMS 0x00000007bff00000, 0x00000007bff00000| Untracked 

Card table byte_map: [0x000000012b6e8000,0x000000012bae8000] _byte_map_base: 0x0000000127ae8000

Marking Bits (Prev, Next): (CMBitMap*) 0x00007f822980b810, (CMBitMap*) 0x00007f822980b850
 Prev Bits: [0x000000012bee8000, 0x000000012dee8000)
 Next Bits: [0x000000012dee8000, 0x000000012fee8000)

Polling page: 0x0000000104767000

Metaspace:

Usage:
  Non-class:      1.96 MB used.
      Class:    183.70 KB used.
       Both:      2.14 MB used.

Virtual space:
  Non-class space:        8.00 MB reserved,       2.06 MB ( 26%) committed,  1 nodes.
      Class space:        1.00 GB reserved,     256.00 KB ( <1%) committed,  1 nodes.
              Both:        1.01 GB reserved,       2.31 MB ( <1%) committed. 

Chunk freelists:
   Non-Class:  3.34 MB
       Class:  3.65 MB
        Both:  6.99 MB

MaxMetaspaceSize: 17179869184.00 GB
CompressedClassSpaceSize: 1.00 GB
 - commit_granule_bytes: 65536.
 - commit_granule_words: 8192.
 - virtual_space_node_default_size: 1048576.
 - enlarge_chunks_in_place: 1.
 - new_chunks_are_fully_committed: 0.
 - uncommit_free_chunks: 1.
 - use_allocation_guard: 0.
 - handle_deallocations: 1.


Internal statistics:

num_allocs_failed_limit: 0.
num_arena_births: 46.
num_arena_deaths: 0.
num_vsnodes_births: 2.
num_vsnodes_deaths: 0.
num_space_committed: 37.
num_space_uncommitted: 0.
num_chunks_returned_to_freelist: 0.
num_chunks_taken_from_freelist: 88.
num_chunk_merges: 0.
num_chunk_splits: 62.
num_chunks_enlarged: 39.
num_purges: 0.

CodeHeap 'non-profiled nmethods': size=120028Kb used=170Kb max_used=170Kb free=119857Kb
 bounds [0x0000000123db1000, 0x0000000124021000, 0x000000012b2e8000]
CodeHeap 'profiled nmethods': size=120028Kb used=948Kb max_used=948Kb free=119079Kb
 bounds [0x000000011c87a000, 0x000000011caea000, 0x0000000123db1000]
CodeHeap 'non-nmethods': size=5704Kb used=1130Kb max_used=1153Kb free=4574Kb
 bounds [0x000000011c2e8000, 0x000000011c558000, 0x000000011c87a000]
 total_blobs=979 nmethods=565 adapters=329
 compilation: enabled
              stopped_count=0, restarted_count=0
 full_count=0

Compilation events (20 events):
Event: 64.285 Thread 0x00007f822a8c3600 nmethod 554 0x000000011c961910 code [0x000000011c961c40, 0x000000011c962ad0]
Event: 64.285 Thread 0x00007f822a8c3600  553       3       jdk.internal.org.objectweb.asm.Frame::pop (44 bytes)
Event: 64.285 Thread 0x00007f822a8c3600 nmethod 553 0x000000011c962f90 code [0x000000011c963140, 0x000000011c9632d0]
Event: 64.285 Thread 0x00007f822a8c3600  556       3       java.util.ImmutableCollections$ListN::size (6 bytes)
Event: 64.285 Thread 0x00007f822a8c3600 nmethod 556 0x000000011c963390 code [0x000000011c963520, 0x000000011c963630]
Event: 64.285 Thread 0x00007f822a8c3600  557       3       java.lang.invoke.LambdaForm$Name::replaceNames (174 bytes)
Event: 64.286 Thread 0x00007f822a8c3600 nmethod 557 0x000000011c963710 code [0x000000011c963960, 0x000000011c9645d0]
Event: 64.287 Thread 0x00007f822a8c3600  559       3       java.lang.invoke.InvokerBytecodeGenerator::emitPushArgument (129 bytes)
Event: 64.287 Thread 0x00007f822a8c3600 nmethod 559 0x000000011c964910 code [0x000000011c964c20, 0x000000011c965c10]
Event: 64.287 Thread 0x00007f822a8c3600  560       3       java.lang.invoke.InvokerBytecodeGenerator::emitLoadInsn (21 bytes)
Event: 64.287 Thread 0x00007f822a8c3600 nmethod 560 0x000000011c966110 code [0x000000011c9662c0, 0x000000011c966510]
Event: 64.287 Thread 0x00007f822a8c3600  562       3       jdk.internal.org.objectweb.asm.Frame::getLocal (46 bytes)
Event: 64.288 Thread 0x00007f822a8c3600 nmethod 562 0x000000011c966690 code [0x000000011c966840, 0x000000011c966a70]
Event: 64.288 Thread 0x00007f822a8c3600  561       1       java.lang.invoke.LambdaForm$NamedFunction::intrinsicName (5 bytes)
Event: 64.288 Thread 0x00007f822a8c3600 nmethod 561 0x0000000123ddaf90 code [0x0000000123ddb120, 0x0000000123ddb1f0]
Event: 64.288 Thread 0x00007f822a8c3000  563 %     4       java.lang.StringLatin1::indexOf @ 30 (121 bytes)
Event: 64.292 Thread 0x00007f822a8c3600  564       3       java.util.WeakHashMap::maskNull (12 bytes)
Event: 64.292 Thread 0x00007f822a8c3600 nmethod 564 0x000000011c966b90 code [0x000000011c966d20, 0x000000011c966e50]
Event: 64.292 Thread 0x00007f822a8c3600  565       3       java.util.WeakHashMap::hash (28 bytes)
Event: 64.293 Thread 0x00007f822a8c3600 nmethod 565 0x000000011c966f10 code [0x000000011c9670c0, 0x000000011c9672c0]

GC Heap History (0 events):
No events

Deoptimization events (14 events):
Event: 0.114 Thread 0x00007f822a812600 Uncommon trap: trap_request=0xffffff45 fr.pc=0x0000000123db6e7c relative=0x000000000000005c
Event: 0.114 Thread 0x00007f822a812600 Uncommon trap: reason=unstable_if action=reinterpret pc=0x0000000123db6e7c method=java.lang.String.isLatin1()Z @ 10 c2
Event: 0.114 Thread 0x00007f822a812600 DEOPT PACKING pc=0x0000000123db6e7c sp=0x000000030d4cf250
Event: 0.114 Thread 0x00007f822a812600 DEOPT UNPACKING pc=0x000000011c33541e sp=0x000000030d4cf200 mode 2
Event: 6.364 Thread 0x00007f822a812600 DEOPT PACKING pc=0x000000011c948ad1 sp=0x000000030d4cf1d0
Event: 6.364 Thread 0x00007f822a812600 DEOPT UNPACKING pc=0x000000011c335b9b sp=0x000000030d4ce6f8 mode 0
Event: 6.390 Thread 0x00007f822a812600 Uncommon trap: trap_request=0xffffff45 fr.pc=0x0000000123dd5e40 relative=0x0000000000000600
Event: 6.390 Thread 0x00007f822a812600 Uncommon trap: reason=unstable_if action=reinterpret pc=0x0000000123dd5e40 method=org.sqlite.SQLiteJDBCLoader.contentsEquals(Ljava/io/InputStream;Ljava/io/InputStream;)Z @ 39 c2
Event: 6.390 Thread 0x00007f822a812600 DEOPT PACKING pc=0x0000000123dd5e40 sp=0x000000030d4cf230
Event: 6.391 Thread 0x00007f822a812600 DEOPT UNPACKING pc=0x000000011c33541e sp=0x000000030d4cf1f8 mode 2
Event: 6.391 Thread 0x00007f822a812600 Uncommon trap: trap_request=0xffffff45 fr.pc=0x0000000123dd6a38 relative=0x0000000000000198
Event: 6.391 Thread 0x00007f822a812600 Uncommon trap: reason=unstable_if action=reinterpret pc=0x0000000123dd6a38 method=java.io.BufferedInputStream.read()I @ 23 c2
Event: 6.391 Thread 0x00007f822a812600 DEOPT PACKING pc=0x0000000123dd6a38 sp=0x000000030d4cf1c0
Event: 6.391 Thread 0x00007f822a812600 DEOPT UNPACKING pc=0x000000011c33541e sp=0x000000030d4cf178 mode 2

Classes unloaded (0 events):
No events

Classes redefined (0 events):
No events

Internal exceptions (1 events):
Event: 6.152 Thread 0x00007f822a812600 Exception <a 'java/lang/NoSuchMethodError'{0x0000000787e4a790}: 'void java.lang.invoke.DirectMethodHandle$Holder.invokeSpecial(java.lang.Object, java.lang.Object, java.lang.Object)'> (0x0000000787e4a790) 
thrown [src/hotspot/share/interpreter/linkResolver.cpp, line 790]

Events (20 events):
Event: 6.353 loading class java/io/DeleteOnExitHook done
Event: 6.353 loading class java/io/DeleteOnExitHook$1
Event: 6.353 loading class java/io/DeleteOnExitHook$1 done
Event: 6.353 loading class java/io/FileOutputStream$1
Event: 6.353 loading class java/io/FileOutputStream$1 done
Event: 6.567 Loaded shared library /private/var/folders/bs/6xdzydc55y13967hz3y_5sjr0000gn/T/sqlite-3.8.11.2-4e6a6c8f-1c74-43ba-a38f-986c512febb0-libsqlitejdbc.jnilib
Event: 6.578 loading class java/lang/UnsupportedOperationException
Event: 6.578 loading class java/lang/UnsupportedOperationException done
Event: 6.578 loading class java/lang/NumberFormatException
Event: 6.578 loading class java/lang/NumberFormatException done
Event: 6.578 loading class java/io/StringReader
Event: 6.578 loading class java/io/StringReader done
Event: 6.579 loading class java/util/regex/Pattern$BnM
Event: 6.579 loading class java/util/regex/Pattern$BnM done
Event: 6.579 loading class java/util/regex/Pattern$SliceS
Event: 6.579 loading class java/util/regex/Pattern$SliceS done
Event: 7.219 Executing  VM operation: Cleanup
Event: 7.220 Executing  VM operation: Cleanup done
Event: 16.242 Executing  VM operation: Cleanup
Event: 16.242 Executing  VM operation: Cleanup done


Dynamic libraries:
0x00007ffdfff5f000 	/usr/libexec/rosetta/runtime
0x000000010c76d000 	/Library/Apple/usr/libexec/oah/libRosettaRuntime
0x00007fff2a6c3000 	/usr/lib/libz.1.dylib
0x000000010cc6d000 	/Users/liujunwen/Library/Java/JavaVirtualMachines/corretto-16.0.2/Contents/Home/lib/libjli.dylib
0x00007fff35255000 	/System/Library/Frameworks/Cocoa.framework/Versions/A/Cocoa
0x00007fff221f7000 	/System/Library/Frameworks/Security.framework/Versions/A/Security
0x00007fff3345d000 	/System/Library/Frameworks/ApplicationServices.framework/Versions/A/ApplicationServices
0x00007fff2a78f000 	/usr/lib/libSystem.B.dylib
0x00007fff2a789000 	/usr/lib/system/libcache.dylib
0x00007fff2a745000 	/usr/lib/system/libcommonCrypto.dylib
0x00007fff2a76f000 	/usr/lib/system/libcompiler_rt.dylib
0x00007fff2a764000 	/usr/lib/system/libcopyfile.dylib
0x00007fff201c6000 	/usr/lib/system/libcorecrypto.dylib
0x00007fff20291000 	/usr/lib/system/libdispatch.dylib
0x00007fff20444000 	/usr/lib/system/libdyld.dylib
0x00007fff2a780000 	/usr/lib/system/libkeymgr.dylib
0x00007fff2dced000 	/usr/lib/system/liblaunch.dylib
0x00007fff2a723000 	/usr/lib/system/libmacho.dylib
0x00007fff29f17000 	/usr/lib/system/libquarantine.dylib
0x00007fff2a77d000 	/usr/lib/system/libremovefile.dylib
0x00007fff24bd3000 	/usr/lib/system/libsystem_asl.dylib
0x00007fff20176000 	/usr/lib/system/libsystem_blocks.dylib
0x00007fff20313000 	/usr/lib/system/libsystem_c.dylib
0x00007fff2a777000 	/usr/lib/system/libsystem_collections.dylib
0x00007fff2930f000 	/usr/lib/system/libsystem_configuration.dylib
0x00007fff285f7000 	/usr/lib/system/libsystem_containermanager.dylib
0x00007fff2a4c2000 	/usr/lib/system/libsystem_coreservices.dylib
0x00007fff227af000 	/usr/lib/system/libsystem_darwin.dylib
0x00007fff2a781000 	/usr/lib/system/libsystem_dnssd.dylib
0x00007fff20310000 	/usr/lib/system/libsystem_featureflags.dylib
0x00007fff2048a000 	/usr/lib/system/libsystem_info.dylib
0x00007fff2a6d6000 	/usr/lib/system/libsystem_m.dylib
0x00007fff20264000 	/usr/lib/system/libsystem_malloc.dylib
0x00007fff24b66000 	/usr/lib/system/libsystem_networkextension.dylib
0x00007fff22bce000 	/usr/lib/system/libsystem_notify.dylib
0x00007fff30184000 	/usr/lib/system/libsystem_product_info_filter.dylib
0x00007fff29313000 	/usr/lib/system/libsystem_sandbox.dylib
0x00007fff2a77a000 	/usr/lib/system/libsystem_secinit.dylib
0x00007fff20408000 	/usr/lib/system/libsystem_kernel.dylib
0x00007fff20480000 	/usr/lib/system/libsystem_platform.dylib
0x00007fff20438000 	/usr/lib/system/libsystem_pthread.dylib
0x00007fff262e4000 	/usr/lib/system/libsystem_symptoms.dylib
0x00007fff201ae000 	/usr/lib/system/libsystem_trace.dylib
0x00007fff2a751000 	/usr/lib/system/libunwind.dylib
0x00007fff20178000 	/usr/lib/system/libxpc.dylib
0x00007fff203f2000 	/usr/lib/libc++abi.dylib
0x00007fff202d6000 	/usr/lib/libobjc.A.dylib
0x00007fff2a75c000 	/usr/lib/liboah.dylib
0x00007fff2039c000 	/usr/lib/libc++.1.dylib
0x00007fff204b6000 	/System/Library/Frameworks/CoreFoundation.framework/Versions/A/CoreFoundation
0x00007fff2118f000 	/System/Library/Frameworks/Foundation.framework/Versions/C/Foundation
0x00007fff22c28000 	/System/Library/Frameworks/AppKit.framework/Versions/C/AppKit
0x00007fff25b14000 	/System/Library/Frameworks/CoreData.framework/Versions/A/CoreData
0x00007fff23974000 	/System/Library/PrivateFrameworks/UIFoundation.framework/Versions/A/UIFoundation
0x00007fff2ff17000 	/System/Library/PrivateFrameworks/RemoteViewServices.framework/Versions/A/RemoteViewServices
0x00007fff28cbd000 	/System/Library/PrivateFrameworks/XCTTargetBootstrap.framework/Versions/A/XCTTargetBootstrap
0x00007fff2ba0f000 	/usr/lib/libspindump.dylib
0x00007fff23bc3000 	/System/Library/Frameworks/UniformTypeIdentifiers.framework/Versions/A/UniformTypeIdentifiers
0x00007fff274c1000 	/usr/lib/libapp_launch_measurement.dylib
0x00007fff274c4000 	/System/Library/PrivateFrameworks/CoreAutoLayout.framework/Versions/A/CoreAutoLayout
0x00007fff28624000 	/System/Library/Frameworks/Metal.framework/Versions/A/Metal
0x00007fff2931e000 	/usr/lib/liblangid.dylib
0x00007fff28cc1000 	/System/Library/PrivateFrameworks/CoreSVG.framework/Versions/A/CoreSVG
0x00007fff24c03000 	/System/Library/PrivateFrameworks/SkyLight.framework/Versions/A/SkyLight
0x00007fff24f69000 	/System/Library/Frameworks/CoreGraphics.framework/Versions/A/CoreGraphics
0x00007fff3043e000 	/System/Library/Frameworks/Accelerate.framework/Versions/A/Accelerate
0x00007fff2b44d000 	/System/Library/PrivateFrameworks/IconServices.framework/Versions/A/IconServices
0x00007fff28608000 	/System/Library/Frameworks/IOSurface.framework/Versions/A/IOSurface
0x00007fff264a8000 	/usr/lib/libDiagnosticMessagesClient.dylib
0x00007fff28ca9000 	/System/Library/PrivateFrameworks/DFRFoundation.framework/Versions/A/DFRFoundation
0x00007fff2254f000 	/usr/lib/libicucore.A.dylib
0x00007fff2cf56000 	/System/Library/Frameworks/AudioToolbox.framework/Versions/A/AudioToolbox
0x00007fff2c1de000 	/System/Library/PrivateFrameworks/DataDetectorsCore.framework/Versions/A/DataDetectorsCore
0x00007fff24b76000 	/usr/lib/libMobileGestalt.dylib
0x00007fff289ad000 	/System/Library/Frameworks/Carbon.framework/Versions/A/Frameworks/HIToolbox.framework/Versions/A/HIToolbox
0x00007fff26f06000 	/System/Library/Frameworks/QuartzCore.framework/Versions/A/QuartzCore
0x00007fff2ff4f000 	/System/Library/Frameworks/Carbon.framework/Versions/A/Frameworks/SpeechRecognition.framework/Versions/A/SpeechRecognition
0x00007fff27226000 	/System/Library/PrivateFrameworks/CoreUI.framework/Versions/A/CoreUI
0x00007fff21b65000 	/System/Library/Frameworks/CoreAudio.framework/Versions/A/CoreAudio
0x00007fff26593000 	/System/Library/Frameworks/DiskArbitration.framework/Versions/A/DiskArbitration
0x00007fff2bddc000 	/System/Library/PrivateFrameworks/MultitouchSupport.framework/Versions/A/MultitouchSupport
0x00007fff2c1d5000 	/System/Library/PrivateFrameworks/InternationalSupport.framework/Versions/A/InternationalSupport
0x00007fff24b75000 	/usr/lib/libenergytrace.dylib
0x00007fff22b1f000 	/System/Library/Frameworks/IOKit.framework/Versions/A/IOKit
0x00007fff30282000 	/System/Library/Frameworks/CoreServices.framework/Versions/A/CoreServices
0x00007fff27453000 	/System/Library/PrivateFrameworks/PerformanceAnalysis.framework/Versions/A/PerformanceAnalysis
0x00007fff6bdfb000 	/System/Library/Frameworks/OpenGL.framework/Versions/A/OpenGL
0x00007fff2c259000 	/System/Library/PrivateFrameworks/UserActivity.framework/Versions/A/UserActivity
0x00007fff2561b000 	/System/Library/Frameworks/ColorSync.framework/Versions/A/ColorSync
0x00007fff28f2c000 	/System/Library/Frameworks/CoreImage.framework/Versions/A/CoreImage
0x00007fff2197f000 	/System/Library/Frameworks/CoreText.framework/Versions/A/CoreText
0x00007fff28ceb000 	/System/Library/Frameworks/ImageIO.framework/Versions/A/ImageIO
0x00007fff2a795000 	/System/Library/PrivateFrameworks/SoftLinking.framework/Versions/A/SoftLinking
0x00007fff2750c000 	/usr/lib/libxml2.2.dylib
0x00007fff2aa02000 	/usr/lib/libcompression.dylib
0x00007fff2c107000 	/System/Library/PrivateFrameworks/TextureIO.framework/Versions/A/TextureIO
0x00007fff2b0f2000 	/usr/lib/libate.dylib
0x00007fff2ae1e000 	/usr/lib/liblzma.5.dylib
0x00007fff20ea3000 	/System/Library/Frameworks/SystemConfiguration.framework/Versions/A/SystemConfiguration
0x00007fff2a791000 	/usr/lib/libfakelink.dylib
0x00007fff246c7000 	/System/Library/Frameworks/CFNetwork.framework/Versions/A/CFNetwork
0x00007fff2a8d1000 	/usr/lib/libarchive.2.dylib
0x00007fff20f21000 	/usr/lib/libCRFSuite.dylib
0x00007fff29f3e000 	/usr/lib/libbsm.0.dylib
0x00007fff24040000 	/usr/lib/libnetwork.dylib
0x00007fff2a796000 	/usr/lib/libpcap.A.dylib
0x00007fff262dd000 	/usr/lib/libdns_services.dylib
0x00007fff2ae37000 	/usr/lib/libcoretls_cfhelpers.dylib
0x00007fff2a9d0000 	/usr/lib/libapple_nghttp2.dylib
0x00007fff2a729000 	/usr/lib/system/libkxld.dylib
0x00007fff25f5b000 	/usr/lib/libsqlite3.dylib
0x00007fff2a4a5000 	/System/Library/PrivateFrameworks/AppleFSCompression.framework/Versions/A/AppleFSCompression
0x00007fff29f26000 	/usr/lib/libcoretls.dylib
0x00007fff2a9fd000 	/usr/lib/libpam.2.dylib
0x00007fff2af35000 	/usr/lib/libxar.1.dylib
0x00007fff2931a000 	/System/Library/PrivateFrameworks/AppleSystemInfo.framework/Versions/A/AppleSystemInfo
0x00007fff29b68000 	/System/Library/PrivateFrameworks/IOMobileFramebuffer.framework/Versions/A/IOMobileFramebuffer
0x00007fff2a4b5000 	/usr/lib/libbz2.1.0.dylib
0x00007fff2a7ce000 	/usr/lib/libiconv.2.dylib
0x00007fff2a722000 	/usr/lib/libcharset.1.dylib
0x00007fff2748f000 	/System/Library/Frameworks/CoreServices.framework/Versions/A/Frameworks/FSEvents.framework/Versions/A/FSEvents
0x00007fff227b9000 	/System/Library/Frameworks/CoreServices.framework/Versions/A/Frameworks/CarbonCore.framework/Versions/A/CarbonCore
0x00007fff264f8000 	/System/Library/Frameworks/CoreServices.framework/Versions/A/Frameworks/Metadata.framework/Versions/A/Metadata
0x00007fff2a4c7000 	/System/Library/Frameworks/CoreServices.framework/Versions/A/Frameworks/OSServices.framework/Versions/A/OSServices
0x00007fff2a943000 	/System/Library/Frameworks/CoreServices.framework/Versions/A/Frameworks/SearchKit.framework/Versions/A/SearchKit
0x00007fff26268000 	/System/Library/Frameworks/CoreServices.framework/Versions/A/Frameworks/AE.framework/Versions/A/AE
0x00007fff20954000 	/System/Library/Frameworks/CoreServices.framework/Versions/A/Frameworks/LaunchServices.framework/Versions/A/LaunchServices
0x00007fff2adce000 	/System/Library/Frameworks/CoreServices.framework/Versions/A/Frameworks/DictionaryServices.framework/Versions/A/DictionaryServices
0x00007fff2749c000 	/System/Library/Frameworks/CoreServices.framework/Versions/A/Frameworks/SharedFileList.framework/Versions/A/SharedFileList
0x00007fff29f1a000 	/usr/lib/libCheckFix.dylib
0x00007fff24bea000 	/System/Library/PrivateFrameworks/TCC.framework/Versions/A/TCC
0x00007fff29320000 	/System/Library/PrivateFrameworks/CoreNLP.framework/Versions/A/CoreNLP
0x00007fff264ab000 	/System/Library/PrivateFrameworks/MetadataUtilities.framework/Versions/A/MetadataUtilities
0x00007fff20f56000 	/usr/lib/libmecabra.dylib
0x00007fff2a224000 	/System/Library/Frameworks/MLCompute.framework/Versions/A/MLCompute
0x00007fff29f4f000 	/usr/lib/libmecab.dylib
0x00007fff29f99000 	/usr/lib/libgermantok.dylib
0x00007fff2a9ab000 	/usr/lib/libThaiTokenizer.dylib
0x00007fff2af70000 	/usr/lib/libChineseTokenizer.dylib
0x00007fff2a9fb000 	/System/Library/Frameworks/MetalPerformanceShaders.framework/Versions/A/MetalPerformanceShaders
0x00007fff2659a000 	/System/Library/Frameworks/Accelerate.framework/Versions/A/Frameworks/vImage.framework/Versions/A/vImage
0x00007fff3025c000 	/System/Library/Frameworks/Accelerate.framework/Versions/A/Frameworks/vecLib.framework/Versions/A/vecLib
0x00007fff2af7b000 	/System/Library/Frameworks/Accelerate.framework/Versions/A/Frameworks/vecLib.framework/Versions/A/libvMisc.dylib
0x00007fff299c8000 	/System/Library/Frameworks/Accelerate.framework/Versions/A/Frameworks/vecLib.framework/Versions/A/libvDSP.dylib
0x00007fff20c5f000 	/System/Library/Frameworks/Accelerate.framework/Versions/A/Frameworks/vecLib.framework/Versions/A/libBLAS.dylib
0x00007fff2aa29000 	/System/Library/Frameworks/Accelerate.framework/Versions/A/Frameworks/vecLib.framework/Versions/A/libLAPACK.dylib
0x00007fff29f9f000 	/System/Library/Frameworks/Accelerate.framework/Versions/A/Frameworks/vecLib.framework/Versions/A/libLinearAlgebra.dylib
0x00007fff2a9e8000 	/System/Library/Frameworks/Accelerate.framework/Versions/A/Frameworks/vecLib.framework/Versions/A/libSparseBLAS.dylib
0x00007fff2aa23000 	/System/Library/Frameworks/Accelerate.framework/Versions/A/Frameworks/vecLib.framework/Versions/A/libQuadrature.dylib
0x00007fff293cc000 	/System/Library/Frameworks/Accelerate.framework/Versions/A/Frameworks/vecLib.framework/Versions/A/libBNNS.dylib
0x00007fff20e34000 	/System/Library/Frameworks/Accelerate.framework/Versions/A/Frameworks/vecLib.framework/Versions/A/libSparse.dylib
0x00007fff292a8000 	/System/Library/Frameworks/MetalPerformanceShaders.framework/Versions/A/Frameworks/MPSCore.framework/Versions/A/MPSCore
0x00007fff2a414000 	/System/Library/Frameworks/MetalPerformanceShaders.framework/Versions/A/Frameworks/MPSImage.framework/Versions/A/MPSImage
0x00007fff29fb5000 	/System/Library/Frameworks/MetalPerformanceShaders.framework/Versions/A/Frameworks/MPSNeuralNetwork.framework/Versions/A/MPSNeuralNetwork
0x00007fff2a386000 	/System/Library/Frameworks/MetalPerformanceShaders.framework/Versions/A/Frameworks/MPSMatrix.framework/Versions/A/MPSMatrix
0x00007fff2a1d4000 	/System/Library/Frameworks/MetalPerformanceShaders.framework/Versions/A/Frameworks/MPSRayIntersector.framework/Versions/A/MPSRayIntersector
0x00007fff2a3bd000 	/System/Library/Frameworks/MetalPerformanceShaders.framework/Versions/A/Frameworks/MPSNDArray.framework/Versions/A/MPSNDArray
0x00007fff20b8a000 	/System/Library/PrivateFrameworks/MetalTools.framework/Versions/A/MetalTools
0x00007fff29318000 	/System/Library/PrivateFrameworks/AggregateDictionary.framework/Versions/A/AggregateDictionary
0x00007fff26478000 	/System/Library/PrivateFrameworks/CoreAnalytics.framework/Versions/A/CoreAnalytics
0x00007fff2a9ad000 	/System/Library/PrivateFrameworks/AppleSauce.framework/Versions/A/AppleSauce
0x00007fff2861a000 	/System/Library/PrivateFrameworks/IOAccelerator.framework/Versions/A/IOAccelerator
0x00007fff6bdef000 	/System/Library/Frameworks/OpenGL.framework/Versions/A/Libraries/libCoreFSCache.dylib
0x00007fff214ee000 	/System/Library/PrivateFrameworks/LanguageModeling.framework/Versions/A/LanguageModeling
0x00007fff29b56000 	/System/Library/PrivateFrameworks/CoreEmoji.framework/Versions/A/CoreEmoji
0x00007fff293c5000 	/System/Library/PrivateFrameworks/LinguisticData.framework/Versions/A/LinguisticData
0x00007fff20de6000 	/System/Library/PrivateFrameworks/Lexicon.framework/Versions/A/Lexicon
0x00007fff2a8bf000 	/usr/lib/libcmph.dylib
0x00007fff2746f000 	/System/Library/Frameworks/OpenDirectory.framework/Versions/A/Frameworks/CFOpenDirectory.framework/Versions/A/CFOpenDirectory
0x00007fff2745f000 	/System/Library/Frameworks/OpenDirectory.framework/Versions/A/OpenDirectory
0x00007fff2ae39000 	/System/Library/PrivateFrameworks/APFS.framework/Versions/A/APFS
0x00007fff29e7c000 	/System/Library/Frameworks/SecurityFoundation.framework/Versions/A/SecurityFoundation
0x00007fff2af43000 	/usr/lib/libutil.dylib
0x00007fff22ae4000 	/System/Library/PrivateFrameworks/CoreServicesStore.framework/Versions/A/CoreServicesStore
0x00007fff29f12000 	/System/Library/Frameworks/ServiceManagement.framework/Versions/A/ServiceManagement
0x00007fff2af47000 	/usr/lib/libxslt.1.dylib
0x00007fff29f08000 	/System/Library/PrivateFrameworks/BackgroundTaskManagement.framework/Versions/A/BackgroundTaskManagement
0x00007fff2c052000 	/System/Library/Frameworks/ImageIO.framework/Versions/A/Resources/libRadiance.dylib
0x00007fff2c05b000 	/System/Library/Frameworks/ImageIO.framework/Versions/A/Resources/libJPEG.dylib
0x00007fff2bfa6000 	/System/Library/Frameworks/ImageIO.framework/Versions/A/Resources/libPng.dylib
0x00007fff2bfcd000 	/System/Library/Frameworks/ImageIO.framework/Versions/A/Resources/libTIFF.dylib
0x00007fff2c0b0000 	/System/Library/Frameworks/ImageIO.framework/Versions/A/Resources/libGIF.dylib
0x00007fff2bcf9000 	/System/Library/Frameworks/ImageIO.framework/Versions/A/Resources/libJP2.dylib
0x00007fff2b415000 	/usr/lib/libexpat.1.dylib
0x00007fff2bcaf000 	/System/Library/PrivateFrameworks/AppleJPEG.framework/Versions/A/AppleJPEG
0x00007fff28850000 	/System/Library/PrivateFrameworks/FontServices.framework/libFontParser.dylib
0x00007fff2621f000 	/System/Library/PrivateFrameworks/RunningBoardServices.framework/Versions/A/RunningBoardServices
0x00007fff2bdd8000 	/System/Library/PrivateFrameworks/WatchdogClient.framework/Versions/A/WatchdogClient
0x00007fff215d7000 	/System/Library/Frameworks/CoreDisplay.framework/Versions/A/CoreDisplay
0x00007fff28765000 	/System/Library/Frameworks/CoreMedia.framework/Versions/A/CoreMedia
0x00007fff275ef000 	/System/Library/Frameworks/CoreVideo.framework/Versions/A/CoreVideo
0x00007fff2be13000 	/System/Library/Frameworks/VideoToolbox.framework/Versions/A/VideoToolbox
0x00007fff2619f000 	/System/Library/PrivateFrameworks/BaseBoard.framework/Versions/A/BaseBoard
0x00007fff2b559000 	/System/Library/PrivateFrameworks/PersistentConnection.framework/Versions/A/PersistentConnection
0x00007fff25f45000 	/System/Library/PrivateFrameworks/ProtocolBuffer.framework/Versions/A/ProtocolBuffer
0x00007fff26187000 	/System/Library/PrivateFrameworks/CommonUtilities.framework/Versions/A/CommonUtilities
0x00007fff2bc72000 	/System/Library/PrivateFrameworks/Bom.framework/Versions/A/Bom
0x00007fff2c04a000 	/System/Library/PrivateFrameworks/GPUWrangler.framework/Versions/A/GPUWrangler
0x00007fff2c02d000 	/System/Library/PrivateFrameworks/IOPresentment.framework/Versions/A/IOPresentment
0x00007fff2c055000 	/System/Library/PrivateFrameworks/DSExternalDisplay.framework/Versions/A/DSExternalDisplay
0x00007fff2c0b5000 	/System/Library/PrivateFrameworks/CMCaptureCore.framework/Versions/A/CMCaptureCore
0x00007fff2b9f5000 	/System/Library/PrivateFrameworks/AppServerSupport.framework/Versions/A/AppServerSupport
0x00007fff2da90000 	/System/Library/PrivateFrameworks/perfdata.framework/Versions/A/perfdata
0x00007fff29e6b000 	/System/Library/PrivateFrameworks/AssertionServices.framework/Versions/A/AssertionServices
0x00007fff2170e000 	/System/Library/PrivateFrameworks/AudioToolboxCore.framework/Versions/A/AudioToolboxCore
0x00007fff28748000 	/System/Library/PrivateFrameworks/caulk.framework/Versions/A/caulk
0x00007fff3cf3c000 	/System/Library/PrivateFrameworks/SystemPolicy.framework/Versions/A/SystemPolicy
0x00007fff2b224000 	/usr/lib/libIOReport.dylib
0x00007fff2d2cc000 	/usr/lib/libSMC.dylib
0x00007fff2bf72000 	/usr/lib/libAudioToolboxUtility.dylib
0x00007fff3d899000 	/usr/lib/libmis.dylib
0x00007fff6be4b000 	/System/Library/Frameworks/OpenGL.framework/Versions/A/Libraries/libGLU.dylib
0x00007fff6be0e000 	/System/Library/Frameworks/OpenGL.framework/Versions/A/Libraries/libGFXShared.dylib
0x00007fff6c01c000 	/System/Library/Frameworks/OpenGL.framework/Versions/A/Libraries/libGL.dylib
0x00007fff6be17000 	/System/Library/Frameworks/OpenGL.framework/Versions/A/Libraries/libGLImage.dylib
0x00007fff6be0b000 	/System/Library/Frameworks/OpenGL.framework/Versions/A/Libraries/libCVMSPluginSupport.dylib
0x00007fff6bdf6000 	/System/Library/Frameworks/OpenGL.framework/Versions/A/Libraries/libCoreVMClient.dylib
0x00007fff6d466000 	/System/Library/Frameworks/OpenCL.framework/Versions/A/OpenCL
0x00007fff2b582000 	/System/Library/PrivateFrameworks/GraphVisualizer.framework/Versions/A/GraphVisualizer
0x00007fff2b591000 	/System/Library/PrivateFrameworks/FaceCore.framework/Versions/A/FaceCore
0x00007fff2b9ad000 	/System/Library/PrivateFrameworks/OTSVG.framework/Versions/A/OTSVG
0x00007fff271e4000 	/System/Library/Frameworks/ApplicationServices.framework/Versions/A/Frameworks/ATS.framework/Versions/A/Resources/libFontRegistry.dylib
0x00007fff2b9fc000 	/System/Library/PrivateFrameworks/FontServices.framework/libhvf.dylib
0x00007fff2b3c1000 	/System/Library/PrivateFrameworks/AppleVA.framework/Versions/A/AppleVA
0x00007fff2d114000 	/System/Library/Frameworks/ApplicationServices.framework/Versions/A/Frameworks/ATS.framework/Versions/A/ATS
0x00007fff2d427000 	/System/Library/Frameworks/ApplicationServices.framework/Versions/A/Frameworks/ColorSyncLegacy.framework/Versions/A/ColorSyncLegacy
0x00007fff25712000 	/System/Library/Frameworks/ApplicationServices.framework/Versions/A/Frameworks/HIServices.framework/Versions/A/HIServices
0x00007fff2d40c000 	/System/Library/Frameworks/ApplicationServices.framework/Versions/A/Frameworks/LangAnalysis.framework/Versions/A/LangAnalysis
0x00007fff2c0bf000 	/System/Library/Frameworks/ApplicationServices.framework/Versions/A/Frameworks/PrintCore.framework/Versions/A/PrintCore
0x00007fff2d42f000 	/System/Library/Frameworks/ApplicationServices.framework/Versions/A/Frameworks/QD.framework/Versions/A/QD
0x00007fff2d104000 	/System/Library/Frameworks/ApplicationServices.framework/Versions/A/Frameworks/SpeechSynthesis.framework/Versions/A/SpeechSynthesis
0x00007fff2c080000 	/System/Library/Frameworks/ApplicationServices.framework/Versions/A/Frameworks/ATSUI.framework/Versions/A/ATSUI
0x00007fff2d3ac000 	/usr/lib/libcups.2.dylib
0x00007fff2d41c000 	/System/Library/PrivateFrameworks/NetAuth.framework/Versions/A/NetAuth
0x00007fff2daab000 	/System/Library/Frameworks/Kerberos.framework/Versions/A/Kerberos
0x00007fff2dabb000 	/System/Library/Frameworks/GSS.framework/Versions/A/GSS
0x00007fff2d181000 	/usr/lib/libresolv.9.dylib
0x00007fff2ba12000 	/System/Library/PrivateFrameworks/Heimdal.framework/Versions/A/Heimdal
0x00007fff33772000 	/System/Library/Frameworks/Kerberos.framework/Versions/A/Libraries/libHeimdalProxy.dylib
0x00007fff262ec000 	/System/Library/Frameworks/Network.framework/Versions/A/Network
0x00007fff2b42e000 	/usr/lib/libheimdal-asn1.dylib
0x00007fff2db0c000 	/System/Library/PrivateFrameworks/CommonAuth.framework/Versions/A/CommonAuth
0x00007fff2763d000 	/System/Library/PrivateFrameworks/login.framework/Versions/A/Frameworks/loginsupport.framework/Versions/A/loginsupport
0x00007fff2d08b000 	/System/Library/PrivateFrameworks/AudioSession.framework/Versions/A/AudioSession
0x00007fff2d0f1000 	/usr/lib/libAudioStatistics.dylib
0x00007fff2b4ba000 	/System/Library/PrivateFrameworks/MediaExperience.framework/Versions/A/MediaExperience
0x00007fff2cf24000 	/System/Library/PrivateFrameworks/AudioSession.framework/libSessionUtility.dylib
0x00007fff2da9c000 	/usr/lib/libperfcheck.dylib
0x00007fff2d43b000 	/System/Library/PrivateFrameworks/AudioResourceArbitration.framework/Versions/A/AudioResourceArbitration
0x00007fff2b438000 	/System/Library/PrivateFrameworks/IconFoundation.framework/Versions/A/IconFoundation
0x00007fff2ff3f000 	/System/Library/PrivateFrameworks/SpeechRecognitionCore.framework/Versions/A/SpeechRecognitionCore
0x00007fff5d22a000 	/System/Library/CoreServices/Encodings/libSimplifiedChineseConverter.dylib
0x0000000111000000 	/Users/liujunwen/Library/Java/JavaVirtualMachines/corretto-16.0.2/Contents/Home/lib/server/libjvm.dylib
0x000000010cd17000 	/Users/liujunwen/Library/Java/JavaVirtualMachines/corretto-16.0.2/Contents/Home/lib/libjimage.dylib
0x000000010cd76000 	/Users/liujunwen/Library/Java/JavaVirtualMachines/corretto-16.0.2/Contents/Home/lib/libjava.dylib
0x000000013477a000 	/Users/liujunwen/Library/Java/JavaVirtualMachines/corretto-16.0.2/Contents/Home/lib/libnio.dylib
0x00000001347ae000 	/Users/liujunwen/Library/Java/JavaVirtualMachines/corretto-16.0.2/Contents/Home/lib/libnet.dylib
0x00000001348e7000 	/Users/liujunwen/Library/Java/JavaVirtualMachines/corretto-16.0.2/Contents/Home/lib/libzip.dylib
0x00000001349f9000 	/private/var/folders/bs/6xdzydc55y13967hz3y_5sjr0000gn/T/sqlite-3.8.11.2-4e6a6c8f-1c74-43ba-a38f-986c512febb0-libsqlitejdbc.jnilib


VM Arguments:
jvm_args: -Dfile.encoding=UTF-8 -Duser.country=AU -Duser.language=zh -Duser.variant 
java_command: MBS.App
java_class_path (initial): /Users/liujunwen/Desktop/show/F14-Group4-Assignment-2/BookingSystem/app/build/classes/java/main:/Users/liujunwen/Desktop/show/F14-Group4-Assignment-2/BookingSystem/app/build/resources/main:/Users/liujunwen/.gradle/caches/modules-2/files-2.1/org.testng/testng/7.1.0/b0bcea778fb2899aeb4014c558babea8833d180a/testng-7.1.0.jar:/Users/liujunwen/.gradle/caches/modules-2/files-2.1/com.googlecode.json-simple/json-simple/1.1.1/c9ad4a0850ab676c5c64461a05ca524cdfff59f1/json-simple-1.1.1.jar:/Users/liujunwen/.gradle/caches/modules-2/files-2.1/junit/junit/4.13.1/cdd00374f1fee76b11e2a9d127405aa3f6be5b6a/junit-4.13.1.jar:/Users/liujunwen/.gradle/caches/modules-2/files-2.1/com.google.inject/guice/4.1.0/faf9ee8ac09eafd1128091426dd367a8c0085d55/guice-4.1.0-no_aop.jar:/Users/liujunwen/.gradle/caches/modules-2/files-2.1/com.google.guava/guava/30.1.1-jre/87e0fd1df874ea3cbe577702fe6f17068b790fd8/guava-30.1.1-jre.jar:/Users/liujunwen/.gradle/caches/modules-2/files-2.1/org.xerial/sqlite-jdbc/3.8.11.2/dec208cba8debb0a8b9204b08d8d887d63041f0f/sqlite-jdbc-3.8.11.2.jar:/Users/liujunwen/.gradle/caches/modules-2/files-2.1/com.beust/jcommander/1.72/6375e521c1e11d6563d4f25a07ce124ccf8cd171/jcommander-1.72.jar:/Users/liujunwen/.gradle/caches/modules-2/files-2.1/org.yaml/snakeyaml/1.21/18775fdda48574784f40b47bf478ab0593f92e4d/snakeyaml-1.21.jar:/Users/liujunwen/.gradle/caches/modules-2/files-2.1/org.hamcrest/hamcrest-core/1.3/42a25dc3219429f0e5d060061f71acb49bf010a0/hamcrest-core-1.3.jar:/Users/liujunwen/.gradle/caches/modules-2/files-2.1/com.google.guava/failureaccess/1.0.1/1dcf1de382a0bf95a3d8b0849546c88bac1292c9/failureaccess-1.0.1.jar:/Users/liujunwen/.gradle/caches/modules-2/files-2.1/com.google.guava/listenablefuture/9999.0-empty-to-avoid-conflict-with-guava/b421526c5f297295adef1c886e5246c39d4ac629/listenablefuture-9999.0-empty-to-avoid-conflict-with-guava.jar:/Users/liujunwen/.gradle/caches/modules-2/files-2.1/com.google.code.findbugs/jsr305/3.0.2/25ea2e8b0c338a8773
Launcher Type: SUN_STANDARD

[Global flags]
     intx CICompilerCount                          = 4                                         {product} {ergonomic}
     uint ConcGCThreads                            = 2                                         {product} {ergonomic}
     uint G1ConcRefinementThreads                  = 8                                         {product} {ergonomic}
   size_t G1HeapRegionSize                         = 1048576                                   {product} {ergonomic}
    uintx GCDrainStackTargetSize                   = 64                                        {product} {ergonomic}
   size_t InitialHeapSize                          = 134217728                                 {product} {ergonomic}
   size_t MarkStackSize                            = 4194304                                   {product} {ergonomic}
   size_t MaxHeapSize                              = 2147483648                                {product} {ergonomic}
   size_t MaxNewSize                               = 1287651328                                {product} {ergonomic}
   size_t MinHeapDeltaBytes                        = 1048576                                   {product} {ergonomic}
   size_t MinHeapSize                              = 8388608                                   {product} {ergonomic}
    uintx NonNMethodCodeHeapSize                   = 5839372                                {pd product} {ergonomic}
    uintx NonProfiledCodeHeapSize                  = 122909434                              {pd product} {ergonomic}
    uintx ProfiledCodeHeapSize                     = 122909434                              {pd product} {ergonomic}
    uintx ReservedCodeCacheSize                    = 251658240                              {pd product} {ergonomic}
     bool SegmentedCodeCache                       = true                                      {product} {ergonomic}
   size_t SoftMaxHeapSize                          = 2147483648                             {manageable} {ergonomic}
     bool UseCompressedClassPointers               = true                           {product lp64_product} {ergonomic}
     bool UseCompressedOops                        = true                           {product lp64_product} {ergonomic}
     bool UseG1GC                                  = true                                      {product} {ergonomic}
     bool UseNUMA                                  = false                                     {product} {ergonomic}
     bool UseNUMAInterleaving                      = false                                     {product} {ergonomic}

Logging:
Log output configuration:
 #0: stdout all=warning uptime,level,tags
 #1: stderr all=off uptime,level,tags

Environment Variables:
PATH=/Library/Frameworks/Python.framework/Versions/3.9/bin:/usr/local/bin:/usr/bin:/bin:/usr/sbin:/sbin:/Library/TeX/texbin:/Library/Apple/usr/bin:/Users/liujunwen/.sdkman/candidates/gradle/current/bin:/Users/liujunwen/opt/anaconda3/bin:/Users/liujunwen/opt/anaconda3/condabin:/opt/homebrew/bin:/opt/homebrew/sbin:/Library/Frameworks/Python.framework/Versions/3.9/bin
SHELL=/bin/zsh
LANG=zh_CN.UTF-8

Signal Handlers:
SIGSEGV: [libjvm.dylib+0xaf61e0], sa_mask[0]=11100110100111111111111111111111, sa_flags=SA_ONSTACK|SA_RESTART|SA_SIGINFO
SIGBUS: [libjvm.dylib+0xaf61e0], sa_mask[0]=11100110100111111111111111111111, sa_flags=SA_RESTART|SA_SIGINFO
SIGFPE: [libjvm.dylib+0xaf61e0], sa_mask[0]=11100110100111111111111111111111, sa_flags=SA_RESTART|SA_SIGINFO
SIGPIPE: [libjvm.dylib+0x9c26a0], sa_mask[0]=11100110100111111111111111111111, sa_flags=SA_RESTART|SA_SIGINFO
SIGXFSZ: [libjvm.dylib+0x9c26a0], sa_mask[0]=11100110100111111111111111111111, sa_flags=SA_RESTART|SA_SIGINFO
SIGILL: [libjvm.dylib+0xaf61e0], sa_mask[0]=11100110100111111111111111111111, sa_flags=SA_RESTART|SA_SIGINFO
SIGUSR2: [libjvm.dylib+0x9c3100], sa_mask[0]=00100000000000000000000000000000, sa_flags=SA_RESTART|SA_SIGINFO
SIGHUP: [libjvm.dylib+0x9c1740], sa_mask[0]=11100110100111111111111111111111, sa_flags=SA_RESTART|SA_SIGINFO
SIGINT: [libjvm.dylib+0x9c1740], sa_mask[0]=11100110100111111111111111111111, sa_flags=SA_RESTART|SA_SIGINFO
SIGTERM: [libjvm.dylib+0x9c1740], sa_mask[0]=11100110100111111111111111111111, sa_flags=SA_RESTART|SA_SIGINFO
SIGQUIT: [libjvm.dylib+0x9c1740], sa_mask[0]=11100110100111111111111111111111, sa_flags=SA_RESTART|SA_SIGINFO
SIGTRAP: [libjvm.dylib+0xaf61e0], sa_mask[0]=11100110100111111111111111111111, sa_flags=SA_RESTART|SA_SIGINFO


---------------  S Y S T E M  ---------------

OS:uname: Darwin 20.6.0 Darwin Kernel Version 20.6.0: Wed Jun 23 00:26:27 PDT 2021; root:xnu-7195.141.2~5/RELEASE_ARM64_T8101 x86_64
OS uptime: 62 days 22:14 hours
rlimit (soft/hard): STACK 8176k/65520k , CORE 0k/infinity , NPROC 1333/2000 , NOFILE 10240/infinity , AS infinity/infinity , CPU infinity/infinity , DATA infinity/infinity , FSIZE infinity/infinity , MEMLOCK infinity/infinity , RSS infinity/infinity
load average: 1.90 1.48 1.35

CPU: total 8 (initial active 8) (1 cores per cpu, 1 threads per core) family 6 model 44 stepping 0 microcode 0x0, cx8, cmov, fxsr, mmx, sse, sse2, sse3, ssse3, sse4.1, sse4.2, popcnt, tsc, tscinvbit, aes, clmul, clflush

Memory: 4k page, physical 8388608k(16408k free), swap 7340032k(427264k free)

vm_info: OpenJDK 64-Bit Server VM (16.0.2+7) for bsd-amd64 JRE (16.0.2+7), built on Jul 22 2021 01:07:07 by "ec2user" with clang Apple LLVM 12.0.5 (clang-1205.0.22.9)

END.
