#
# A fatal error has been detected by the Java Runtime Environment:
#
#  SIGSEGV (0xb) at pc=0x0000000110003f8c, pid=40801, tid=9731
#
# JRE version: OpenJDK Runtime Environment Homebrew (16.0.2) (build 16.0.2+0)
# Java VM: OpenJDK 64-Bit Server VM Homebrew (16.0.2+0, mixed mode, sharing, tiered, compressed oops, compressed class ptrs, g1 gc, bsd-amd64)
# Problematic frame:
# V  [libjvm.dylib+0x3f8c]  AccessInternal::PostRuntimeDispatch<G1BarrierSet::AccessBarrier<548964ull, G1BarrierSet>, (AccessInternal::BarrierType)2, 548964ull>::oop_access_barrier(void*)+0x4
#
# No core dump will be written. Core dumps have been disabled. To enable core dumping, try "ulimit -c unlimited" before starting Java again
#
# If you would like to submit a bug report, please visit:
#   https://github.com/Homebrew/homebrew-core/issues
#

---------------  S U M M A R Y ------------

Command Line: -Dfile.encoding=UTF-8 -Duser.country=AU -Duser.language=en -Duser.variant MBS.App

Host: MacBookPro16,1 x86_64 2600 MHz, 12 cores, 16G, Darwin 20.6.0, macOS 11.6 (20G165)
Time: Wed Nov  3 10:07:30 2021 AEDT elapsed time: 31.095149 seconds (0d 0h 0m 31s)

---------------  T H R E A D  ---------------

Current thread (0x00007fde69011000):  JavaThread "main" [_thread_in_vm, id=9731, stack(0x0000700001af1000,0x0000700001bf1000)]

Stack: [0x0000700001af1000,0x0000700001bf1000],  sp=0x0000700001bf05f0,  free space=1021k
Native frames: (J=compiled Java code, A=aot compiled Java code, j=interpreted, Vv=VM code, C=native code)
V  [libjvm.dylib+0x3f8c]  AccessInternal::PostRuntimeDispatch<G1BarrierSet::AccessBarrier<548964ull, G1BarrierSet>, (AccessInternal::BarrierType)2, 548964ull>::oop_access_barrier(void*)+0x4
V  [libjvm.dylib+0x3f9309]  jni_GetStringUTFChars+0x85
C  [sqlite-3.8.11.2-392c2388-983d-402e-b423-8d962a063fc0-libsqlitejdbc.jnilib+0x221d]  Java_org_sqlite_core_NativeDB__1exec+0x6d
j  org.sqlite.core.NativeDB._exec(Ljava/lang/String;)I+0
j  org.sqlite.jdbc3.JDBC3Statement.executeUpdate(Ljava/lang/String;)I+46
j  MBS.SqliteConnector.updGiftCard()V+13
j  MBS.PaymentCheck.checkGiftCard()V+106
j  MBS.PaymentCheck.selectMethod()V+34
j  MBS.PaymentCheck.checkMovieID()V+130
j  MBS.defaultUI.showOperationPanel()V+208
j  MBS.App.ShowUI()V+19
j  MBS.App.main([Ljava/lang/String;)V+101
v  ~StubRoutines::call_stub
V  [libjvm.dylib+0x3a054f]  JavaCalls::call_helper(JavaValue*, methodHandle const&, JavaCallArguments*, Thread*)+0x22b
V  [libjvm.dylib+0x3f1f6a]  jni_invoke_static(JNIEnv_*, JavaValue*, _jobject*, JNICallType, _jmethodID*, JNI_ArgumentPusher*, Thread*)+0xcd
V  [libjvm.dylib+0x3f4d5e]  jni_CallStaticVoidMethod+0x143
C  [libjli.dylib+0x9e7d]  JavaMain+0xaab
C  [libjli.dylib+0xc024]  ThreadJavaMain+0x9
C  [libsystem_pthread.dylib+0x68fc]  _pthread_start+0xe0
C  [libsystem_pthread.dylib+0x2443]  thread_start+0xf

Java frames: (J=compiled Java code, j=interpreted, Vv=VM code)
j  org.sqlite.core.NativeDB._exec(Ljava/lang/String;)I+0
j  org.sqlite.jdbc3.JDBC3Statement.executeUpdate(Ljava/lang/String;)I+46
j  MBS.SqliteConnector.updGiftCard()V+13
j  MBS.PaymentCheck.checkGiftCard()V+106
j  MBS.PaymentCheck.selectMethod()V+34
j  MBS.PaymentCheck.checkMovieID()V+130
j  MBS.defaultUI.showOperationPanel()V+208
j  MBS.App.ShowUI()V+19
j  MBS.App.main([Ljava/lang/String;)V+101
v  ~StubRoutines::call_stub

siginfo: si_signo: 11 (SIGSEGV), si_code: 1 (SEGV_MAPERR), si_addr: 0x0000000000000000

Register to memory mapping:

RAX=0xfffffffffffffffe is an unknown value
RBX=0x00007fde69011310 points into unknown readable memory: 0x00000001109fedf0 | f0 ed 9f 10 01 00 00 00
RCX=0x00000001103f9284: jni_GetStringUTFChars+0 in /usr/local/Cellar/openjdk/16.0.2/libexec/openjdk.jdk/Contents/Home/lib/server/libjvm.dylib at 0x0000000110000000
RDX=0x0 is NULL
RSP=0x0000700001bf05f0 is pointing into the stack for thread: 0x00007fde69011000
RBP=0x0000700001bf05f0 is pointing into the stack for thread: 0x00007fde69011000
RSI=0x0 is NULL
RDI=0x0 is NULL
R8 ={method} {0x0000000134429218} '_exec' '(Ljava/lang/String;)I' in 'org/sqlite/core/NativeDB'
R9 =0x000000070faccfc8 is an oop: org.sqlite.core.NativeDB 
{0x000000070faccfc8} - klass: 'org/sqlite/core/NativeDB'
R10=0x0000000000000028 is an unknown value
R11=0x0000000000000006 is an unknown value
R12=0x0 is NULL
R13=0x0000000134429210 is pointing into metadata
R14=0x00007fde69011000 is a thread
R15=0x0 is NULL


Registers:
RAX=0xfffffffffffffffe, RBX=0x00007fde69011310, RCX=0x00000001103f9284, RDX=0x0000000000000000
RSP=0x0000700001bf05f0, RBP=0x0000700001bf05f0, RSI=0x0000000000000000, RDI=0x0000000000000000
R8 =0x0000000134429218, R9 =0x000000070faccfc8, R10=0x0000000000000028, R11=0x0000000000000006
R12=0x0000000000000000, R13=0x0000000134429210, R14=0x00007fde69011000, R15=0x0000000000000000
RIP=0x0000000110003f8c, EFLAGS=0x0000000000010246, ERR=0x0000000000000004
  TRAPNO=0x000000000000000e

Top of Stack: (sp=0x0000700001bf05f0)
0x0000700001bf05f0:   0000700001bf0690 00000001103f9309
0x0000700001bf0600:   00000000000003d8 0000700001bf06a8
0x0000700001bf0610:   0000700001bf06b8 0000000133ee91b0
0x0000700001bf0620:   0000700001bf06a8 00007fde69011000
0x0000700001bf0630:   00007fde69011000 0000000000000000
0x0000700001bf0640:   0000700001bf0670 0000000110613563
0x0000700001bf0650:   00007fde69011000 0000000000000000
0x0000700001bf0660:   00007fde67f54230 0000000134429218
0x0000700001bf0670:   0000000000000000 0000000134429210
0x0000700001bf0680:   0000700001bf0788 00007fde69011000
0x0000700001bf0690:   0000700001bf06e0 0000000133ee921d
0x0000700001bf06a0:   0000000134425ea0 0000000134429200
0x0000700001bf06b0:   00007fde69011000 00007fde67f54230
0x0000700001bf06c0:   0000000000000000 0000700001bf0788
0x0000700001bf06d0:   00007fde69011310 00000001196f54cc
0x0000700001bf06e0:   0000700001bf0760 00000001196f5651
0x0000700001bf06f0:   0000000134429218 0000700001bf0788
0x0000700001bf0700:   0000700001bf0760 0000000000000001
0x0000700001bf0710:   000000070faccfc8 0000700001bf0708
0x0000700001bf0720:   0000000134429210 0000700001bf0788
0x0000700001bf0730:   000000013446f938 0000000000000000
0x0000700001bf0740:   000000070fc92dc8 0000000134429218
0x0000700001bf0750:   0000000000000000 0000700001bf0780
0x0000700001bf0760:   0000700001bf07d8 00000001196f0335
0x0000700001bf0770:   0000000000000000 00000001196f2396
0x0000700001bf0780:   0000000000000000 000000070faccfc8
0x0000700001bf0790:   0000700001bf0790 000000013447a97e
0x0000700001bf07a0:   0000700001bf0810 00000001344946d8
0x0000700001bf07b0:   0000000000000000 000000070fadc1b0
0x0000700001bf07c0:   000000013447aa18 0000700001bf0780
0x0000700001bf07d0:   0000700001bf0808 0000700001bf0860
0x0000700001bf07e0:   00000001196f07ad 0000000000000000 

Instructions: (pc=0x0000000110003f8c)
0x0000000110003e8c:   74 08 ff 15 3c f8 a0 00 eb 02 31 c0 49 8b 4e 20
0x0000000110003e9c:   48 89 41 e0 48 83 c4 18 5b 41 5c 41 5d 41 5e 41
0x0000000110003eac:   5f 5d c3 90 55 48 89 e5 83 c7 fc 83 ff 0b 73 0f
0x0000000110003ebc:   48 63 c7 48 8d 0d 66 d7 8e 00 8b 04 81 5d c3 48
0x0000000110003ecc:   8d 3d 6b 45 86 00 be 9c 00 00 00 e8 b8 20 25 00
0x0000000110003edc:   e8 1f f9 64 00 31 c0 5d c3 90 55 48 89 e5 48 8b
0x0000000110003eec:   47 08 0f b7 48 32 0f b7 40 30 8d 44 01 19 5d c3
0x0000000110003efc:   55 48 89 e5 53 50 48 89 fb 48 8d 05 bc 91 a3 00
0x0000000110003f0c:   80 38 00 74 07 e8 1a 00 00 00 eb 05 e8 17 e7 0e
0x0000000110003f1c:   00 48 89 05 ac f7 a0 00 48 89 df 48 83 c4 08 5b
0x0000000110003f2c:   5d ff e0 90 55 48 89 e5 48 8d 05 45 c5 a2 00 48
0x0000000110003f3c:   8b 00 8b 40 10 ff c8 83 f8 05 73 0f 48 98 48 8d
0x0000000110003f4c:   0d 8f 57 93 00 48 8b 04 c1 5d c3 48 8d 3d 0f 45
0x0000000110003f5c:   86 00 48 8d 15 9f 9d 89 00 be e8 00 00 00 31 c0
0x0000000110003f6c:   e8 4e 1e 25 00 e8 8a f8 64 00 31 c0 5d c3 90 90
0x0000000110003f7c:   55 48 89 e5 48 8b 07 5d c3 90 90 90 55 48 89 e5
0x0000000110003f8c:   48 8b 07 5d c3 90 90 90 55 48 89 e5 41 57 41 56
0x0000000110003f9c:   41 55 41 54 53 50 49 89 f4 48 8d 05 0f 97 9f 00
0x0000000110003fac:   80 38 00 74 55 49 89 fe 48 8b 47 38 8a 80 f0 02
0x0000000110003fbc:   00 00 a8 01 74 44 49 8b 46 38 48 8b 90 18 0a 00
0x0000000110003fcc:   00 8a 4a 08 4c 89 e6 48 d3 ee 48 8b 4a 48 80 3c
0x0000000110003fdc:   31 01 75 26 49 8b 1c 24 89 d9 83 e1 03 83 f9 03
0x0000000110003fec:   75 06 48 83 e3 fc 75 03 4c 89 e3 4c 39 e3 75 0d
0x0000000110003ffc:   8a 80 f0 02 00 00 a8 04 75 15 4c 89 e3 48 89 d8
0x000000011000400c:   48 83 c4 08 5b 41 5c 41 5d 41 5e 41 5f 5d c3 48
0x000000011000401c:   8d 3d 1e 8e a2 00 ff 17 4c 8b 38 4c 8d 2d 12 4a
0x000000011000402c:   a6 00 49 8b 45 00 48 8d b8 20 0a 00 00 8b 88 60
0x000000011000403c:   0a 00 00 41 8a 4f 21 8d 51 01 41 88 57 21 84 c9
0x000000011000404c:   74 2c 41 80 7f 22 00 75 2d 48 05 60 0a 00 00 48
0x000000011000405c:   8d 0d d6 9e 8f 00 8b 09 23 08 85 c9 74 18 b9 ff
0x000000011000406c:   ff ff ff f0 0f c1 08 e8 14 73 6f 00 eb 08 4c 89
0x000000011000407c:   fe e8 48 73 6f 00 49 8b 7e 38 4c 89 e6 4c 89 fa 


Stack slot to memory mapping:
stack at sp + 0 slots: 0x0000700001bf0690 is pointing into the stack for thread: 0x00007fde69011000
stack at sp + 1 slots: 0x00000001103f9309: jni_GetStringUTFChars+0x85 in /usr/local/Cellar/openjdk/16.0.2/libexec/openjdk.jdk/Contents/Home/lib/server/libjvm.dylib at 0x0000000110000000
stack at sp + 2 slots: 0x00000000000003d8 is an unknown value
stack at sp + 3 slots: 0x0000700001bf06a8 is pointing into the stack for thread: 0x00007fde69011000
stack at sp + 4 slots: 0x0000700001bf06b8 is pointing into the stack for thread: 0x00007fde69011000
stack at sp + 5 slots: 0x0000000133ee91b0: Java_org_sqlite_core_NativeDB__1exec+0 in /private/var/folders/8r/zlxq4sq93rb1mppnbg3rk3sr0000gn/T/sqlite-3.8.11.2-392c2388-983d-402e-b423-8d962a063fc0-libsqlitejdbc.jnilib at 0x0000000133ee7000
stack at sp + 6 slots: 0x0000700001bf06a8 is pointing into the stack for thread: 0x00007fde69011000
stack at sp + 7 slots: 0x00007fde69011000 is a thread


---------------  P R O C E S S  ---------------

Threads class SMR info:
_java_thread_list=0x00007fde6ac05d70, length=11, elements={
0x00007fde69011000, 0x00007fde6880ba00, 0x00007fde68810800, 0x00007fde68813000,
0x00007fde68813e00, 0x00007fde68814400, 0x00007fde68814a00, 0x00007fde688c1000,
0x00007fde6c010200, 0x00007fde6800ba00, 0x00007fde6b009c00
}

Java Threads: ( => current thread )
=>0x00007fde69011000 JavaThread "main" [_thread_in_vm, id=9731, stack(0x0000700001af1000,0x0000700001bf1000)]
  0x00007fde6880ba00 JavaThread "Reference Handler" daemon [_thread_blocked, id=15875, stack(0x0000700002206000,0x0000700002306000)]
  0x00007fde68810800 JavaThread "Finalizer" daemon [_thread_blocked, id=17667, stack(0x0000700002309000,0x0000700002409000)]
  0x00007fde68813000 JavaThread "Signal Dispatcher" daemon [_thread_blocked, id=43011, stack(0x0000700002512000,0x0000700002612000)]
  0x00007fde68813e00 JavaThread "Service Thread" daemon [_thread_blocked, id=42499, stack(0x0000700002615000,0x0000700002715000)]
  0x00007fde68814400 JavaThread "Monitor Deflation Thread" daemon [_thread_blocked, id=23043, stack(0x0000700002718000,0x0000700002818000)]
  0x00007fde68814a00 JavaThread "C2 CompilerThread0" daemon [_thread_blocked, id=42243, stack(0x000070000281b000,0x000070000291b000)]
  0x00007fde688c1000 JavaThread "C1 CompilerThread0" daemon [_thread_blocked, id=41987, stack(0x000070000291e000,0x0000700002a1e000)]
  0x00007fde6c010200 JavaThread "Sweeper thread" daemon [_thread_blocked, id=41731, stack(0x0000700002a21000,0x0000700002b21000)]
  0x00007fde6800ba00 JavaThread "Notification Thread" daemon [_thread_blocked, id=24323, stack(0x0000700002b24000,0x0000700002c24000)]
  0x00007fde6b009c00 JavaThread "Common-Cleaner" daemon [_thread_blocked, id=41219, stack(0x0000700002d2a000,0x0000700002e2a000)]

Other Threads:
  0x00007fde67f2ea10 VMThread "VM Thread" [stack: 0x0000700002103000,0x0000700002203000] [id=15363]
  0x00007fde67c18c50 WatcherThread [stack: 0x0000700002c27000,0x0000700002d27000] [id=24579]
  0x00007fde67f1cfc0 GCTaskThread "GC Thread#0" [stack: 0x0000700001bf4000,0x0000700001cf4000] [id=12291]
  0x00007fde67f1df60 ConcurrentGCThread "G1 Main Marker" [stack: 0x0000700001cf7000,0x0000700001df7000] [id=19715]
  0x00007fde67f1ee80 ConcurrentGCThread "G1 Conc#0" [stack: 0x0000700001dfa000,0x0000700001efa000] [id=19203]
  0x00007fde67d242d0 ConcurrentGCThread "G1 Refine#0" [stack: 0x0000700001efd000,0x0000700001ffd000] [id=13827]
  0x00007fde67d25110 ConcurrentGCThread "G1 Service" [stack: 0x0000700002000000,0x0000700002100000] [id=14083]

Threads with active compile tasks:

VM state: not at safepoint (normal execution)

VM Mutex/Monitor currently owned by a thread: None

Heap address: 0x0000000700000000, size: 4096 MB, Compressed Oops mode: Zero based, Oop shift amount: 3

CDS archive(s) mapped at: [0x0000000800000000-0x0000000800bef000-0x0000000800bef000), size 12513280, SharedBaseAddress: 0x0000000800000000, ArchiveRelocationMode: 0.
Compressed class space mapped at: 0x0000000800c00000-0x0000000840c00000, reserved size: 1073741824
Narrow klass base: 0x0000000800000000, Narrow klass shift: 3, Narrow klass range: 0x100000000

GC Precious Log:
 CPUs: 12 total, 12 available
 Memory: 16384M
 Large Page Support: Disabled
 NUMA Support: Disabled
 Compressed Oops: Enabled (Zero based)
 Heap Region Size: 2M
 Heap Min Capacity: 8M
 Heap Initial Capacity: 256M
 Heap Max Capacity: 4G
 Pre-touch: Disabled
 Parallel Workers: 10
 Concurrent Workers: 3
 Concurrent Refinement Workers: 10
 Periodic GC: Disabled

Heap:
 garbage-first heap   total 266240K, used 6120K [0x0000000700000000, 0x0000000800000000)
  region size 2048K, 3 young (6144K), 0 survivors (0K)
 Metaspace       used 2252K, committed 2496K, reserved 1056768K
  class space    used 196K, committed 320K, reserved 1048576K

Heap Regions: E=young(eden), S=young(survivor), O=old, HS=humongous(starts), HC=humongous(continues), CS=collection set, F=free, OA=open archive, CA=closed archive, TAMS=top-at-mark-start (previous, next)
|   0|0x0000000700000000, 0x0000000700000000, 0x0000000700200000|  0%| F|  |TAMS 0x0000000700000000, 0x0000000700000000| Untracked 
|   1|0x0000000700200000, 0x0000000700200000, 0x0000000700400000|  0%| F|  |TAMS 0x0000000700200000, 0x0000000700200000| Untracked 
|   2|0x0000000700400000, 0x0000000700400000, 0x0000000700600000|  0%| F|  |TAMS 0x0000000700400000, 0x0000000700400000| Untracked 
|   3|0x0000000700600000, 0x0000000700600000, 0x0000000700800000|  0%| F|  |TAMS 0x0000000700600000, 0x0000000700600000| Untracked 
|   4|0x0000000700800000, 0x0000000700800000, 0x0000000700a00000|  0%| F|  |TAMS 0x0000000700800000, 0x0000000700800000| Untracked 
|   5|0x0000000700a00000, 0x0000000700a00000, 0x0000000700c00000|  0%| F|  |TAMS 0x0000000700a00000, 0x0000000700a00000| Untracked 
|   6|0x0000000700c00000, 0x0000000700c00000, 0x0000000700e00000|  0%| F|  |TAMS 0x0000000700c00000, 0x0000000700c00000| Untracked 
|   7|0x0000000700e00000, 0x0000000700e00000, 0x0000000701000000|  0%| F|  |TAMS 0x0000000700e00000, 0x0000000700e00000| Untracked 
|   8|0x0000000701000000, 0x0000000701000000, 0x0000000701200000|  0%| F|  |TAMS 0x0000000701000000, 0x0000000701000000| Untracked 
|   9|0x0000000701200000, 0x0000000701200000, 0x0000000701400000|  0%| F|  |TAMS 0x0000000701200000, 0x0000000701200000| Untracked 
|  10|0x0000000701400000, 0x0000000701400000, 0x0000000701600000|  0%| F|  |TAMS 0x0000000701400000, 0x0000000701400000| Untracked 
|  11|0x0000000701600000, 0x0000000701600000, 0x0000000701800000|  0%| F|  |TAMS 0x0000000701600000, 0x0000000701600000| Untracked 
|  12|0x0000000701800000, 0x0000000701800000, 0x0000000701a00000|  0%| F|  |TAMS 0x0000000701800000, 0x0000000701800000| Untracked 
|  13|0x0000000701a00000, 0x0000000701a00000, 0x0000000701c00000|  0%| F|  |TAMS 0x0000000701a00000, 0x0000000701a00000| Untracked 
|  14|0x0000000701c00000, 0x0000000701c00000, 0x0000000701e00000|  0%| F|  |TAMS 0x0000000701c00000, 0x0000000701c00000| Untracked 
|  15|0x0000000701e00000, 0x0000000701e00000, 0x0000000702000000|  0%| F|  |TAMS 0x0000000701e00000, 0x0000000701e00000| Untracked 
|  16|0x0000000702000000, 0x0000000702000000, 0x0000000702200000|  0%| F|  |TAMS 0x0000000702000000, 0x0000000702000000| Untracked 
|  17|0x0000000702200000, 0x0000000702200000, 0x0000000702400000|  0%| F|  |TAMS 0x0000000702200000, 0x0000000702200000| Untracked 
|  18|0x0000000702400000, 0x0000000702400000, 0x0000000702600000|  0%| F|  |TAMS 0x0000000702400000, 0x0000000702400000| Untracked 
|  19|0x0000000702600000, 0x0000000702600000, 0x0000000702800000|  0%| F|  |TAMS 0x0000000702600000, 0x0000000702600000| Untracked 
|  20|0x0000000702800000, 0x0000000702800000, 0x0000000702a00000|  0%| F|  |TAMS 0x0000000702800000, 0x0000000702800000| Untracked 
|  21|0x0000000702a00000, 0x0000000702a00000, 0x0000000702c00000|  0%| F|  |TAMS 0x0000000702a00000, 0x0000000702a00000| Untracked 
|  22|0x0000000702c00000, 0x0000000702c00000, 0x0000000702e00000|  0%| F|  |TAMS 0x0000000702c00000, 0x0000000702c00000| Untracked 
|  23|0x0000000702e00000, 0x0000000702e00000, 0x0000000703000000|  0%| F|  |TAMS 0x0000000702e00000, 0x0000000702e00000| Untracked 
|  24|0x0000000703000000, 0x0000000703000000, 0x0000000703200000|  0%| F|  |TAMS 0x0000000703000000, 0x0000000703000000| Untracked 
|  25|0x0000000703200000, 0x0000000703200000, 0x0000000703400000|  0%| F|  |TAMS 0x0000000703200000, 0x0000000703200000| Untracked 
|  26|0x0000000703400000, 0x0000000703400000, 0x0000000703600000|  0%| F|  |TAMS 0x0000000703400000, 0x0000000703400000| Untracked 
|  27|0x0000000703600000, 0x0000000703600000, 0x0000000703800000|  0%| F|  |TAMS 0x0000000703600000, 0x0000000703600000| Untracked 
|  28|0x0000000703800000, 0x0000000703800000, 0x0000000703a00000|  0%| F|  |TAMS 0x0000000703800000, 0x0000000703800000| Untracked 
|  29|0x0000000703a00000, 0x0000000703a00000, 0x0000000703c00000|  0%| F|  |TAMS 0x0000000703a00000, 0x0000000703a00000| Untracked 
|  30|0x0000000703c00000, 0x0000000703c00000, 0x0000000703e00000|  0%| F|  |TAMS 0x0000000703c00000, 0x0000000703c00000| Untracked 
|  31|0x0000000703e00000, 0x0000000703e00000, 0x0000000704000000|  0%| F|  |TAMS 0x0000000703e00000, 0x0000000703e00000| Untracked 
|  32|0x0000000704000000, 0x0000000704000000, 0x0000000704200000|  0%| F|  |TAMS 0x0000000704000000, 0x0000000704000000| Untracked 
|  33|0x0000000704200000, 0x0000000704200000, 0x0000000704400000|  0%| F|  |TAMS 0x0000000704200000, 0x0000000704200000| Untracked 
|  34|0x0000000704400000, 0x0000000704400000, 0x0000000704600000|  0%| F|  |TAMS 0x0000000704400000, 0x0000000704400000| Untracked 
|  35|0x0000000704600000, 0x0000000704600000, 0x0000000704800000|  0%| F|  |TAMS 0x0000000704600000, 0x0000000704600000| Untracked 
|  36|0x0000000704800000, 0x0000000704800000, 0x0000000704a00000|  0%| F|  |TAMS 0x0000000704800000, 0x0000000704800000| Untracked 
|  37|0x0000000704a00000, 0x0000000704a00000, 0x0000000704c00000|  0%| F|  |TAMS 0x0000000704a00000, 0x0000000704a00000| Untracked 
|  38|0x0000000704c00000, 0x0000000704c00000, 0x0000000704e00000|  0%| F|  |TAMS 0x0000000704c00000, 0x0000000704c00000| Untracked 
|  39|0x0000000704e00000, 0x0000000704e00000, 0x0000000705000000|  0%| F|  |TAMS 0x0000000704e00000, 0x0000000704e00000| Untracked 
|  40|0x0000000705000000, 0x0000000705000000, 0x0000000705200000|  0%| F|  |TAMS 0x0000000705000000, 0x0000000705000000| Untracked 
|  41|0x0000000705200000, 0x0000000705200000, 0x0000000705400000|  0%| F|  |TAMS 0x0000000705200000, 0x0000000705200000| Untracked 
|  42|0x0000000705400000, 0x0000000705400000, 0x0000000705600000|  0%| F|  |TAMS 0x0000000705400000, 0x0000000705400000| Untracked 
|  43|0x0000000705600000, 0x0000000705600000, 0x0000000705800000|  0%| F|  |TAMS 0x0000000705600000, 0x0000000705600000| Untracked 
|  44|0x0000000705800000, 0x0000000705800000, 0x0000000705a00000|  0%| F|  |TAMS 0x0000000705800000, 0x0000000705800000| Untracked 
|  45|0x0000000705a00000, 0x0000000705a00000, 0x0000000705c00000|  0%| F|  |TAMS 0x0000000705a00000, 0x0000000705a00000| Untracked 
|  46|0x0000000705c00000, 0x0000000705c00000, 0x0000000705e00000|  0%| F|  |TAMS 0x0000000705c00000, 0x0000000705c00000| Untracked 
|  47|0x0000000705e00000, 0x0000000705e00000, 0x0000000706000000|  0%| F|  |TAMS 0x0000000705e00000, 0x0000000705e00000| Untracked 
|  48|0x0000000706000000, 0x0000000706000000, 0x0000000706200000|  0%| F|  |TAMS 0x0000000706000000, 0x0000000706000000| Untracked 
|  49|0x0000000706200000, 0x0000000706200000, 0x0000000706400000|  0%| F|  |TAMS 0x0000000706200000, 0x0000000706200000| Untracked 
|  50|0x0000000706400000, 0x0000000706400000, 0x0000000706600000|  0%| F|  |TAMS 0x0000000706400000, 0x0000000706400000| Untracked 
|  51|0x0000000706600000, 0x0000000706600000, 0x0000000706800000|  0%| F|  |TAMS 0x0000000706600000, 0x0000000706600000| Untracked 
|  52|0x0000000706800000, 0x0000000706800000, 0x0000000706a00000|  0%| F|  |TAMS 0x0000000706800000, 0x0000000706800000| Untracked 
|  53|0x0000000706a00000, 0x0000000706a00000, 0x0000000706c00000|  0%| F|  |TAMS 0x0000000706a00000, 0x0000000706a00000| Untracked 
|  54|0x0000000706c00000, 0x0000000706c00000, 0x0000000706e00000|  0%| F|  |TAMS 0x0000000706c00000, 0x0000000706c00000| Untracked 
|  55|0x0000000706e00000, 0x0000000706e00000, 0x0000000707000000|  0%| F|  |TAMS 0x0000000706e00000, 0x0000000706e00000| Untracked 
|  56|0x0000000707000000, 0x0000000707000000, 0x0000000707200000|  0%| F|  |TAMS 0x0000000707000000, 0x0000000707000000| Untracked 
|  57|0x0000000707200000, 0x0000000707200000, 0x0000000707400000|  0%| F|  |TAMS 0x0000000707200000, 0x0000000707200000| Untracked 
|  58|0x0000000707400000, 0x0000000707400000, 0x0000000707600000|  0%| F|  |TAMS 0x0000000707400000, 0x0000000707400000| Untracked 
|  59|0x0000000707600000, 0x0000000707600000, 0x0000000707800000|  0%| F|  |TAMS 0x0000000707600000, 0x0000000707600000| Untracked 
|  60|0x0000000707800000, 0x0000000707800000, 0x0000000707a00000|  0%| F|  |TAMS 0x0000000707800000, 0x0000000707800000| Untracked 
|  61|0x0000000707a00000, 0x0000000707a00000, 0x0000000707c00000|  0%| F|  |TAMS 0x0000000707a00000, 0x0000000707a00000| Untracked 
|  62|0x0000000707c00000, 0x0000000707c00000, 0x0000000707e00000|  0%| F|  |TAMS 0x0000000707c00000, 0x0000000707c00000| Untracked 
|  63|0x0000000707e00000, 0x0000000707e00000, 0x0000000708000000|  0%| F|  |TAMS 0x0000000707e00000, 0x0000000707e00000| Untracked 
|  64|0x0000000708000000, 0x0000000708000000, 0x0000000708200000|  0%| F|  |TAMS 0x0000000708000000, 0x0000000708000000| Untracked 
|  65|0x0000000708200000, 0x0000000708200000, 0x0000000708400000|  0%| F|  |TAMS 0x0000000708200000, 0x0000000708200000| Untracked 
|  66|0x0000000708400000, 0x0000000708400000, 0x0000000708600000|  0%| F|  |TAMS 0x0000000708400000, 0x0000000708400000| Untracked 
|  67|0x0000000708600000, 0x0000000708600000, 0x0000000708800000|  0%| F|  |TAMS 0x0000000708600000, 0x0000000708600000| Untracked 
|  68|0x0000000708800000, 0x0000000708800000, 0x0000000708a00000|  0%| F|  |TAMS 0x0000000708800000, 0x0000000708800000| Untracked 
|  69|0x0000000708a00000, 0x0000000708a00000, 0x0000000708c00000|  0%| F|  |TAMS 0x0000000708a00000, 0x0000000708a00000| Untracked 
|  70|0x0000000708c00000, 0x0000000708c00000, 0x0000000708e00000|  0%| F|  |TAMS 0x0000000708c00000, 0x0000000708c00000| Untracked 
|  71|0x0000000708e00000, 0x0000000708e00000, 0x0000000709000000|  0%| F|  |TAMS 0x0000000708e00000, 0x0000000708e00000| Untracked 
|  72|0x0000000709000000, 0x0000000709000000, 0x0000000709200000|  0%| F|  |TAMS 0x0000000709000000, 0x0000000709000000| Untracked 
|  73|0x0000000709200000, 0x0000000709200000, 0x0000000709400000|  0%| F|  |TAMS 0x0000000709200000, 0x0000000709200000| Untracked 
|  74|0x0000000709400000, 0x0000000709400000, 0x0000000709600000|  0%| F|  |TAMS 0x0000000709400000, 0x0000000709400000| Untracked 
|  75|0x0000000709600000, 0x0000000709600000, 0x0000000709800000|  0%| F|  |TAMS 0x0000000709600000, 0x0000000709600000| Untracked 
|  76|0x0000000709800000, 0x0000000709800000, 0x0000000709a00000|  0%| F|  |TAMS 0x0000000709800000, 0x0000000709800000| Untracked 
|  77|0x0000000709a00000, 0x0000000709a00000, 0x0000000709c00000|  0%| F|  |TAMS 0x0000000709a00000, 0x0000000709a00000| Untracked 
|  78|0x0000000709c00000, 0x0000000709c00000, 0x0000000709e00000|  0%| F|  |TAMS 0x0000000709c00000, 0x0000000709c00000| Untracked 
|  79|0x0000000709e00000, 0x0000000709e00000, 0x000000070a000000|  0%| F|  |TAMS 0x0000000709e00000, 0x0000000709e00000| Untracked 
|  80|0x000000070a000000, 0x000000070a000000, 0x000000070a200000|  0%| F|  |TAMS 0x000000070a000000, 0x000000070a000000| Untracked 
|  81|0x000000070a200000, 0x000000070a200000, 0x000000070a400000|  0%| F|  |TAMS 0x000000070a200000, 0x000000070a200000| Untracked 
|  82|0x000000070a400000, 0x000000070a400000, 0x000000070a600000|  0%| F|  |TAMS 0x000000070a400000, 0x000000070a400000| Untracked 
|  83|0x000000070a600000, 0x000000070a600000, 0x000000070a800000|  0%| F|  |TAMS 0x000000070a600000, 0x000000070a600000| Untracked 
|  84|0x000000070a800000, 0x000000070a800000, 0x000000070aa00000|  0%| F|  |TAMS 0x000000070a800000, 0x000000070a800000| Untracked 
|  85|0x000000070aa00000, 0x000000070aa00000, 0x000000070ac00000|  0%| F|  |TAMS 0x000000070aa00000, 0x000000070aa00000| Untracked 
|  86|0x000000070ac00000, 0x000000070ac00000, 0x000000070ae00000|  0%| F|  |TAMS 0x000000070ac00000, 0x000000070ac00000| Untracked 
|  87|0x000000070ae00000, 0x000000070ae00000, 0x000000070b000000|  0%| F|  |TAMS 0x000000070ae00000, 0x000000070ae00000| Untracked 
|  88|0x000000070b000000, 0x000000070b000000, 0x000000070b200000|  0%| F|  |TAMS 0x000000070b000000, 0x000000070b000000| Untracked 
|  89|0x000000070b200000, 0x000000070b200000, 0x000000070b400000|  0%| F|  |TAMS 0x000000070b200000, 0x000000070b200000| Untracked 
|  90|0x000000070b400000, 0x000000070b400000, 0x000000070b600000|  0%| F|  |TAMS 0x000000070b400000, 0x000000070b400000| Untracked 
|  91|0x000000070b600000, 0x000000070b600000, 0x000000070b800000|  0%| F|  |TAMS 0x000000070b600000, 0x000000070b600000| Untracked 
|  92|0x000000070b800000, 0x000000070b800000, 0x000000070ba00000|  0%| F|  |TAMS 0x000000070b800000, 0x000000070b800000| Untracked 
|  93|0x000000070ba00000, 0x000000070ba00000, 0x000000070bc00000|  0%| F|  |TAMS 0x000000070ba00000, 0x000000070ba00000| Untracked 
|  94|0x000000070bc00000, 0x000000070bc00000, 0x000000070be00000|  0%| F|  |TAMS 0x000000070bc00000, 0x000000070bc00000| Untracked 
|  95|0x000000070be00000, 0x000000070be00000, 0x000000070c000000|  0%| F|  |TAMS 0x000000070be00000, 0x000000070be00000| Untracked 
|  96|0x000000070c000000, 0x000000070c000000, 0x000000070c200000|  0%| F|  |TAMS 0x000000070c000000, 0x000000070c000000| Untracked 
|  97|0x000000070c200000, 0x000000070c200000, 0x000000070c400000|  0%| F|  |TAMS 0x000000070c200000, 0x000000070c200000| Untracked 
|  98|0x000000070c400000, 0x000000070c400000, 0x000000070c600000|  0%| F|  |TAMS 0x000000070c400000, 0x000000070c400000| Untracked 
|  99|0x000000070c600000, 0x000000070c600000, 0x000000070c800000|  0%| F|  |TAMS 0x000000070c600000, 0x000000070c600000| Untracked 
| 100|0x000000070c800000, 0x000000070c800000, 0x000000070ca00000|  0%| F|  |TAMS 0x000000070c800000, 0x000000070c800000| Untracked 
| 101|0x000000070ca00000, 0x000000070ca00000, 0x000000070cc00000|  0%| F|  |TAMS 0x000000070ca00000, 0x000000070ca00000| Untracked 
| 102|0x000000070cc00000, 0x000000070cc00000, 0x000000070ce00000|  0%| F|  |TAMS 0x000000070cc00000, 0x000000070cc00000| Untracked 
| 103|0x000000070ce00000, 0x000000070ce00000, 0x000000070d000000|  0%| F|  |TAMS 0x000000070ce00000, 0x000000070ce00000| Untracked 
| 104|0x000000070d000000, 0x000000070d000000, 0x000000070d200000|  0%| F|  |TAMS 0x000000070d000000, 0x000000070d000000| Untracked 
| 105|0x000000070d200000, 0x000000070d200000, 0x000000070d400000|  0%| F|  |TAMS 0x000000070d200000, 0x000000070d200000| Untracked 
| 106|0x000000070d400000, 0x000000070d400000, 0x000000070d600000|  0%| F|  |TAMS 0x000000070d400000, 0x000000070d400000| Untracked 
| 107|0x000000070d600000, 0x000000070d600000, 0x000000070d800000|  0%| F|  |TAMS 0x000000070d600000, 0x000000070d600000| Untracked 
| 108|0x000000070d800000, 0x000000070d800000, 0x000000070da00000|  0%| F|  |TAMS 0x000000070d800000, 0x000000070d800000| Untracked 
| 109|0x000000070da00000, 0x000000070da00000, 0x000000070dc00000|  0%| F|  |TAMS 0x000000070da00000, 0x000000070da00000| Untracked 
| 110|0x000000070dc00000, 0x000000070dc00000, 0x000000070de00000|  0%| F|  |TAMS 0x000000070dc00000, 0x000000070dc00000| Untracked 
| 111|0x000000070de00000, 0x000000070de00000, 0x000000070e000000|  0%| F|  |TAMS 0x000000070de00000, 0x000000070de00000| Untracked 
| 112|0x000000070e000000, 0x000000070e000000, 0x000000070e200000|  0%| F|  |TAMS 0x000000070e000000, 0x000000070e000000| Untracked 
| 113|0x000000070e200000, 0x000000070e200000, 0x000000070e400000|  0%| F|  |TAMS 0x000000070e200000, 0x000000070e200000| Untracked 
| 114|0x000000070e400000, 0x000000070e400000, 0x000000070e600000|  0%| F|  |TAMS 0x000000070e400000, 0x000000070e400000| Untracked 
| 115|0x000000070e600000, 0x000000070e600000, 0x000000070e800000|  0%| F|  |TAMS 0x000000070e600000, 0x000000070e600000| Untracked 
| 116|0x000000070e800000, 0x000000070e800000, 0x000000070ea00000|  0%| F|  |TAMS 0x000000070e800000, 0x000000070e800000| Untracked 
| 117|0x000000070ea00000, 0x000000070ea00000, 0x000000070ec00000|  0%| F|  |TAMS 0x000000070ea00000, 0x000000070ea00000| Untracked 
| 118|0x000000070ec00000, 0x000000070ec00000, 0x000000070ee00000|  0%| F|  |TAMS 0x000000070ec00000, 0x000000070ec00000| Untracked 
| 119|0x000000070ee00000, 0x000000070ee00000, 0x000000070f000000|  0%| F|  |TAMS 0x000000070ee00000, 0x000000070ee00000| Untracked 
| 120|0x000000070f000000, 0x000000070f000000, 0x000000070f200000|  0%| F|  |TAMS 0x000000070f000000, 0x000000070f000000| Untracked 
| 121|0x000000070f200000, 0x000000070f200000, 0x000000070f400000|  0%| F|  |TAMS 0x000000070f200000, 0x000000070f200000| Untracked 
| 122|0x000000070f400000, 0x000000070f400000, 0x000000070f600000|  0%| F|  |TAMS 0x000000070f400000, 0x000000070f400000| Untracked 
| 123|0x000000070f600000, 0x000000070f600000, 0x000000070f800000|  0%| F|  |TAMS 0x000000070f600000, 0x000000070f600000| Untracked 
| 124|0x000000070f800000, 0x000000070f800000, 0x000000070fa00000|  0%| F|  |TAMS 0x000000070f800000, 0x000000070f800000| Untracked 
| 125|0x000000070fa00000, 0x000000070fc00000, 0x000000070fc00000|100%| E|  |TAMS 0x000000070fa00000, 0x000000070fa00000| Complete 
| 126|0x000000070fc00000, 0x000000070fe00000, 0x000000070fe00000|100%| E|CS|TAMS 0x000000070fc00000, 0x000000070fc00000| Complete 
| 127|0x000000070fe00000, 0x0000000710000000, 0x0000000710000000|100%| E|CS|TAMS 0x000000070fe00000, 0x000000070fe00000| Complete 
|1534|0x00000007bfc00000, 0x00000007bfd75000, 0x00000007bfe00000| 72%|OA|  |TAMS 0x00000007bfc00000, 0x00000007bfc00000| Untracked 
|1535|0x00000007bfe00000, 0x00000007bfe85000, 0x00000007c0000000| 25%|CA|  |TAMS 0x00000007bfe00000, 0x00000007bfe00000| Untracked 

Card table byte_map: [0x0000000128ee7000,0x00000001296e7000] _byte_map_base: 0x00000001256e7000

Marking Bits (Prev, Next): (CMBitMap*) 0x00007fde69035410, (CMBitMap*) 0x00007fde69035450
 Prev Bits: [0x0000000129ee7000, 0x000000012dee7000)
 Next Bits: [0x000000012dee7000, 0x0000000131ee7000)

Polling page: 0x0000000109b6b000

Metaspace:

Usage:
  Non-class:      2.01 MB used.
      Class:    196.56 KB used.
       Both:      2.20 MB used.

Virtual space:
  Non-class space:        8.00 MB reserved,       2.12 MB ( 27%) committed,  1 nodes.
      Class space:        1.00 GB reserved,     320.00 KB ( <1%) committed,  1 nodes.
              Both:        1.01 GB reserved,       2.44 MB ( <1%) committed. 

Chunk freelists:
   Non-Class:  3.29 MB
       Class:  3.62 MB
        Both:  6.91 MB

MaxMetaspaceSize: 17179869184.00 GB
CompressedClassSpaceSize: 1.00 GB
 - commit_granule_bytes: 65536.
 - commit_granule_words: 8192.
 - virtual_space_node_default_size: 1048576.
 - enlarge_chunks_in_place: 1.
 - new_chunks_are_fully_committed: 0.
 - uncommit_free_chunks: 1.
 - use_allocation_guard: 0.
 - handle_deallocations: 1.


Internal statistics:

num_allocs_failed_limit: 0.
num_arena_births: 94.
num_arena_deaths: 0.
num_vsnodes_births: 2.
num_vsnodes_deaths: 0.
num_space_committed: 39.
num_space_uncommitted: 0.
num_chunks_returned_to_freelist: 0.
num_chunks_taken_from_freelist: 151.
num_chunk_merges: 0.
num_chunk_splits: 98.
num_chunks_enlarged: 53.
num_purges: 0.

CodeHeap 'non-profiled nmethods': size=120028Kb used=183Kb max_used=183Kb free=119844Kb
 bounds [0x00000001211b0000, 0x0000000121420000, 0x00000001286e7000]
CodeHeap 'profiled nmethods': size=120028Kb used=932Kb max_used=932Kb free=119095Kb
 bounds [0x0000000119c79000, 0x0000000119ee9000, 0x00000001211b0000]
CodeHeap 'non-nmethods': size=5704Kb used=1136Kb max_used=1151Kb free=4567Kb
 bounds [0x00000001196e7000, 0x0000000119957000, 0x0000000119c79000]
 total_blobs=1018 nmethods=597 adapters=335
 compilation: enabled
              stopped_count=0, restarted_count=0
 full_count=0

Compilation events (20 events):
Event: 17.043 Thread 0x00007fde688c1000 nmethod 587 0x0000000119d5dd90 code [0x0000000119d5df60, 0x0000000119d5e350]
Event: 17.043 Thread 0x00007fde688c1000  588       3       org.sqlite.core.CoreResultSet::checkCol (81 bytes)
Event: 17.043 Thread 0x00007fde688c1000 nmethod 588 0x0000000119d5e490 code [0x0000000119d5e720, 0x0000000119d5f0f0]
Event: 17.043 Thread 0x00007fde688c1000  585       3       java.lang.String::equalsIgnoreCase (45 bytes)
Event: 17.044 Thread 0x00007fde688c1000 nmethod 585 0x0000000119d5f510 code [0x0000000119d5f700, 0x0000000119d5fc40]
Event: 17.044 Thread 0x00007fde688c1000  590       3       java.lang.ref.Cleaner$1::apply (9 bytes)
Event: 17.044 Thread 0x00007fde688c1000 nmethod 590 0x0000000119d5fe10 code [0x0000000119d5ffc0, 0x0000000119d60230]
Event: 17.044 Thread 0x00007fde688c1000  591       3       java.lang.ref.Cleaner$1::apply (5 bytes)
Event: 17.044 Thread 0x00007fde688c1000 nmethod 591 0x0000000119d60310 code [0x0000000119d604a0, 0x0000000119d605b0]
Event: 18.045 Thread 0x00007fde688c1000  592       3       java.nio.CharBuffer::position (8 bytes)
Event: 18.045 Thread 0x00007fde688c1000 nmethod 592 0x0000000119d60690 code [0x0000000119d60840, 0x0000000119d60980]
Event: 31.090 Thread 0x00007fde688c1000  593       3       java.lang.StringLatin1::regionMatchesCI (98 bytes)
Event: 31.091 Thread 0x00007fde688c1000 nmethod 593 0x0000000119d60a10 code [0x0000000119d60c40, 0x0000000119d61390]
Event: 31.091 Thread 0x00007fde688c1000  594       1       java.lang.NamedPackage::module (5 bytes)
Event: 31.091 Thread 0x00007fde688c1000 nmethod 594 0x00000001211dda10 code [0x00000001211ddba0, 0x00000001211ddc70]
Event: 31.092 Thread 0x00007fde688c1000  595       3       java.lang.StringLatin1::indexOf (25 bytes)
Event: 31.093 Thread 0x00007fde688c1000 nmethod 595 0x0000000119d61710 code [0x0000000119d618c0, 0x0000000119d61ac0]
Event: 31.093 Thread 0x00007fde688c1000  596       3       java.util.WeakHashMap::maskNull (12 bytes)
Event: 31.093 Thread 0x00007fde688c1000 nmethod 596 0x0000000119d61b90 code [0x0000000119d61d20, 0x0000000119d61e50]
Event: 31.093 Thread 0x00007fde688c1000  597       3       java.util.WeakHashMap::hash (28 bytes)

GC Heap History (0 events):
No events

Deoptimization events (10 events):
Event: 0.059 Thread 0x00007fde69011000 Uncommon trap: trap_request=0xffffff45 fr.pc=0x00000001211b657c relative=0x000000000000005c
Event: 0.059 Thread 0x00007fde69011000 Uncommon trap: reason=unstable_if action=reinterpret pc=0x00000001211b657c method=java.lang.String.isLatin1()Z @ 10 c2
Event: 0.059 Thread 0x00007fde69011000 DEOPT PACKING pc=0x00000001211b657c sp=0x0000700001bf0260
Event: 0.059 Thread 0x00007fde69011000 DEOPT UNPACKING pc=0x0000000119734424 sp=0x0000700001bf0210 mode 2
Event: 0.173 Thread 0x00007fde69011000 DEOPT PACKING pc=0x0000000119d1d3d1 sp=0x0000700001bf0090
Event: 0.173 Thread 0x00007fde69011000 DEOPT UNPACKING pc=0x0000000119734bba sp=0x0000700001bef5b8 mode 0
Event: 0.201 Thread 0x00007fde69011000 Uncommon trap: trap_request=0xffffff45 fr.pc=0x00000001211d1fe8 relative=0x0000000000000628
Event: 0.201 Thread 0x00007fde69011000 Uncommon trap: reason=unstable_if action=reinterpret pc=0x00000001211d1fe8 method=org.sqlite.SQLiteJDBCLoader.contentsEquals(Ljava/io/InputStream;Ljava/io/InputStream;)Z @ 39 c2
Event: 0.201 Thread 0x00007fde69011000 DEOPT PACKING pc=0x00000001211d1fe8 sp=0x0000700001bf00f0
Event: 0.201 Thread 0x00007fde69011000 DEOPT UNPACKING pc=0x0000000119734424 sp=0x0000700001bf00b8 mode 2

Classes unloaded (0 events):
No events

Classes redefined (0 events):
No events

Internal exceptions (5 events):
Event: 0.073 Thread 0x00007fde69011000 Exception <a 'java/lang/NoSuchMethodError'{0x000000070ff36960}: 'void java.lang.invoke.DirectMethodHandle$Holder.invokeSpecial(java.lang.Object, java.lang.Object, java.lang.Object)'> (0x000000070ff36960) 
thrown [src/hotspot/share/interpreter/linkResolver.cpp, line 790]
Event: 0.487 Thread 0x00007fde69011000 Exception <a 'java/lang/NoSuchMethodError'{0x000000070fb8b498}: 'java.lang.Object java.lang.invoke.DirectMethodHandle$Holder.invokeSpecial(java.lang.Object, java.lang.Object, long, java.lang.Object, java.lang.Object, java.lang.Object, java.lang.Object, java.lang.Object, java.lang.Object, java.lang.Object, java.lang.Object, java.lang.Object, java.lang.Object)'> (0x000000070fb8b498) 
thrown [src/hotspot/share/interpreter/linkResolver.cpp, line 790]
Event: 0.487 Thread 0x00007fde69011000 Exception <a 'java/lang/NoSuchMethodError'{0x000000070fb8faa0}: 'java.lang.Object java.lang.invoke.DelegatingMethodHandle$Holder.reinvoke_L(java.lang.Object, long, java.lang.Object, java.lang.Object, java.lang.Object, java.lang.Object, java.lang.Object, java.lang.Object, java.lang.Object, java.lang.Object, java.lang.Object, java.lang.Object)'> (0x000000070fb8faa0) 
thrown [src/hotspot/share/interpreter/linkResolver.cpp, line 790]
Event: 0.492 Thread 0x00007fde69011000 Exception <a 'java/lang/NoSuchMethodError'{0x000000070fbcc498}: 'java.lang.Object java.lang.invoke.DirectMethodHandle$Holder.invokeSpecial(java.lang.Object, java.lang.Object, java.lang.Object, java.lang.Object, java.lang.Object, java.lang.Object, java.lang.Object, java.lang.Object, java.lang.Object, java.lang.Object, java.lang.Object, java.lang.Object)'> (0x000000070fbcc498) 
thrown [src/hotspot/share/interpreter/linkResolver.cpp, line 790]
Event: 0.493 Thread 0x00007fde69011000 Exception <a 'java/lang/NoSuchMethodError'{0x000000070fbd0d40}: 'java.lang.Object java.lang.invoke.Invokers$Holder.linkToTargetMethod(java.lang.Object, java.lang.Object, java.lang.Object, java.lang.Object, java.lang.Object, java.lang.Object, java.lang.Object, java.lang.Object, java.lang.Object, java.lang.Object, java.lang.Object)'> (0x000000070fbd0d40) 
thrown [src/hotspot/share/interpreter/linkResolver.cpp, line 790]

Events (20 events):
Event: 0.164 loading class java/io/FileOutputStream$1 done
Event: 0.458 Loaded shared library /private/var/folders/8r/zlxq4sq93rb1mppnbg3rk3sr0000gn/T/sqlite-3.8.11.2-392c2388-983d-402e-b423-8d962a063fc0-libsqlitejdbc.jnilib
Event: 0.465 loading class java/lang/UnsupportedOperationException
Event: 0.465 loading class java/lang/UnsupportedOperationException done
Event: 0.466 loading class java/lang/NumberFormatException
Event: 0.466 loading class java/lang/NumberFormatException done
Event: 0.466 loading class java/io/StringReader
Event: 0.466 loading class java/io/StringReader done
Event: 0.467 loading class java/util/regex/Pattern$BnM
Event: 0.467 loading class java/util/regex/Pattern$BnM done
Event: 0.467 loading class java/util/regex/Pattern$SliceS
Event: 0.467 loading class java/util/regex/Pattern$SliceS done
Event: 1.100 Executing  VM operation: Cleanup
Event: 1.101 Executing  VM operation: Cleanup done
Event: 5.007 loading class java/util/regex/Matcher$ImmutableMatchResult
Event: 5.007 loading class java/util/regex/Matcher$ImmutableMatchResult done
Event: 5.116 Executing  VM operation: Cleanup
Event: 5.116 Executing  VM operation: Cleanup done
Event: 15.143 Executing  VM operation: Cleanup
Event: 15.143 Executing  VM operation: Cleanup done


Dynamic libraries:
0x00007fff2a570000 	/usr/lib/libz.1.dylib
0x0000000109b27000 	/usr/local/Cellar/openjdk/16.0.2/libexec/openjdk.jdk/Contents/Home/lib/libjli.dylib
0x00007fff34fa4000 	/System/Library/Frameworks/Cocoa.framework/Versions/A/Cocoa
0x00007fff222ee000 	/System/Library/Frameworks/Security.framework/Versions/A/Security
0x00007fff331ac000 	/System/Library/Frameworks/ApplicationServices.framework/Versions/A/ApplicationServices
0x00007fff2a638000 	/usr/lib/libSystem.B.dylib
0x00007fff2a632000 	/usr/lib/system/libcache.dylib
0x00007fff2a5ee000 	/usr/lib/system/libcommonCrypto.dylib
0x00007fff2a618000 	/usr/lib/system/libcompiler_rt.dylib
0x00007fff2a60d000 	/usr/lib/system/libcopyfile.dylib
0x00007fff201e7000 	/usr/lib/system/libcorecrypto.dylib
0x00007fff202b2000 	/usr/lib/system/libdispatch.dylib
0x00007fff20465000 	/usr/lib/system/libdyld.dylib
0x00007fff2a629000 	/usr/lib/system/libkeymgr.dylib
0x00007fff2da3c000 	/usr/lib/system/liblaunch.dylib
0x00007fff2a5cc000 	/usr/lib/system/libmacho.dylib
0x00007fff29dc4000 	/usr/lib/system/libquarantine.dylib
0x00007fff2a626000 	/usr/lib/system/libremovefile.dylib
0x00007fff24cca000 	/usr/lib/system/libsystem_asl.dylib
0x00007fff20197000 	/usr/lib/system/libsystem_blocks.dylib
0x00007fff20334000 	/usr/lib/system/libsystem_c.dylib
0x00007fff2a620000 	/usr/lib/system/libsystem_collections.dylib
0x00007fff290ca000 	/usr/lib/system/libsystem_configuration.dylib
0x00007fff283b6000 	/usr/lib/system/libsystem_containermanager.dylib
0x00007fff2a36f000 	/usr/lib/system/libsystem_coreservices.dylib
0x00007fff228a6000 	/usr/lib/system/libsystem_darwin.dylib
0x00007fff2a62a000 	/usr/lib/system/libsystem_dnssd.dylib
0x00007fff20331000 	/usr/lib/system/libsystem_featureflags.dylib
0x00007fff204ab000 	/usr/lib/system/libsystem_info.dylib
0x00007fff2a583000 	/usr/lib/system/libsystem_m.dylib
0x00007fff20285000 	/usr/lib/system/libsystem_malloc.dylib
0x00007fff24c5d000 	/usr/lib/system/libsystem_networkextension.dylib
0x00007fff22cc5000 	/usr/lib/system/libsystem_notify.dylib
0x00007fff2fed3000 	/usr/lib/system/libsystem_product_info_filter.dylib
0x00007fff290ce000 	/usr/lib/system/libsystem_sandbox.dylib
0x00007fff2a623000 	/usr/lib/system/libsystem_secinit.dylib
0x00007fff20429000 	/usr/lib/system/libsystem_kernel.dylib
0x00007fff204a1000 	/usr/lib/system/libsystem_platform.dylib
0x00007fff20459000 	/usr/lib/system/libsystem_pthread.dylib
0x00007fff263a7000 	/usr/lib/system/libsystem_symptoms.dylib
0x00007fff201cf000 	/usr/lib/system/libsystem_trace.dylib
0x00007fff2a5fa000 	/usr/lib/system/libunwind.dylib
0x00007fff20199000 	/usr/lib/system/libxpc.dylib
0x00007fff20413000 	/usr/lib/libc++abi.dylib
0x00007fff202f7000 	/usr/lib/libobjc.A.dylib
0x00007fff2a605000 	/usr/lib/liboah.dylib
0x00007fff203bd000 	/usr/lib/libc++.1.dylib
0x00007fff204d7000 	/System/Library/Frameworks/CoreFoundation.framework/Versions/A/CoreFoundation
0x00007fff21286000 	/System/Library/Frameworks/Foundation.framework/Versions/C/Foundation
0x00007fff22d1f000 	/System/Library/Frameworks/AppKit.framework/Versions/C/AppKit
0x00007fff25be3000 	/System/Library/Frameworks/CoreData.framework/Versions/A/CoreData
0x00007fff23a6b000 	/System/Library/PrivateFrameworks/UIFoundation.framework/Versions/A/UIFoundation
0x00007fff2fc66000 	/System/Library/PrivateFrameworks/RemoteViewServices.framework/Versions/A/RemoteViewServices
0x00007fff28a7c000 	/System/Library/PrivateFrameworks/XCTTargetBootstrap.framework/Versions/A/XCTTargetBootstrap
0x00007fff2b762000 	/usr/lib/libspindump.dylib
0x00007fff23cba000 	/System/Library/Frameworks/UniformTypeIdentifiers.framework/Versions/A/UniformTypeIdentifiers
0x00007fff27280000 	/usr/lib/libapp_launch_measurement.dylib
0x00007fff27283000 	/System/Library/PrivateFrameworks/CoreAutoLayout.framework/Versions/A/CoreAutoLayout
0x00007fff283e3000 	/System/Library/Frameworks/Metal.framework/Versions/A/Metal
0x00007fff290d9000 	/usr/lib/liblangid.dylib
0x00007fff28a80000 	/System/Library/PrivateFrameworks/CoreSVG.framework/Versions/A/CoreSVG
0x00007fff24cfa000 	/System/Library/PrivateFrameworks/SkyLight.framework/Versions/A/SkyLight
0x00007fff25060000 	/System/Library/Frameworks/CoreGraphics.framework/Versions/A/CoreGraphics
0x00007fff3018d000 	/System/Library/Frameworks/Accelerate.framework/Versions/A/Accelerate
0x00007fff2b1a0000 	/System/Library/PrivateFrameworks/IconServices.framework/Versions/A/IconServices
0x00007fff283c7000 	/System/Library/Frameworks/IOSurface.framework/Versions/A/IOSurface
0x00007fff2656b000 	/usr/lib/libDiagnosticMessagesClient.dylib
0x00007fff28a68000 	/System/Library/PrivateFrameworks/DFRFoundation.framework/Versions/A/DFRFoundation
0x00007fff22646000 	/usr/lib/libicucore.A.dylib
0x00007fff2cca5000 	/System/Library/Frameworks/AudioToolbox.framework/Versions/A/AudioToolbox
0x00007fff2bf2d000 	/System/Library/PrivateFrameworks/DataDetectorsCore.framework/Versions/A/DataDetectorsCore
0x00007fff24c6d000 	/usr/lib/libMobileGestalt.dylib
0x00007fff2876c000 	/System/Library/Frameworks/Carbon.framework/Versions/A/Frameworks/HIToolbox.framework/Versions/A/HIToolbox
0x00007fff26cc5000 	/System/Library/Frameworks/QuartzCore.framework/Versions/A/QuartzCore
0x00007fff2fc9e000 	/System/Library/Frameworks/Carbon.framework/Versions/A/Frameworks/SpeechRecognition.framework/Versions/A/SpeechRecognition
0x00007fff26fe5000 	/System/Library/PrivateFrameworks/CoreUI.framework/Versions/A/CoreUI
0x00007fff21c5c000 	/System/Library/Frameworks/CoreAudio.framework/Versions/A/CoreAudio
0x00007fff26656000 	/System/Library/Frameworks/DiskArbitration.framework/Versions/A/DiskArbitration
0x00007fff2bb30000 	/System/Library/PrivateFrameworks/MultitouchSupport.framework/Versions/A/MultitouchSupport
0x00007fff2bf24000 	/System/Library/PrivateFrameworks/InternationalSupport.framework/Versions/A/InternationalSupport
0x00007fff24c6c000 	/usr/lib/libenergytrace.dylib
0x00007fff22c16000 	/System/Library/Frameworks/IOKit.framework/Versions/A/IOKit
0x00007fff2ffd1000 	/System/Library/Frameworks/CoreServices.framework/Versions/A/CoreServices
0x00007fff27212000 	/System/Library/PrivateFrameworks/PerformanceAnalysis.framework/Versions/A/PerformanceAnalysis
0x00007fff6bb3e000 	/System/Library/Frameworks/OpenGL.framework/Versions/A/OpenGL
0x00007fff2bfa8000 	/System/Library/PrivateFrameworks/UserActivity.framework/Versions/A/UserActivity
0x00007fff256ea000 	/System/Library/Frameworks/ColorSync.framework/Versions/A/ColorSync
0x00007fff28ce7000 	/System/Library/Frameworks/CoreImage.framework/Versions/A/CoreImage
0x00007fff21a76000 	/System/Library/Frameworks/CoreText.framework/Versions/A/CoreText
0x00007fff28aaa000 	/System/Library/Frameworks/ImageIO.framework/Versions/A/ImageIO
0x00007fff2a63e000 	/System/Library/PrivateFrameworks/SoftLinking.framework/Versions/A/SoftLinking
0x00007fff272cb000 	/usr/lib/libxml2.2.dylib
0x00007fff2a8af000 	/usr/lib/libcompression.dylib
0x00007fff2be56000 	/System/Library/PrivateFrameworks/TextureIO.framework/Versions/A/TextureIO
0x00007fff2aede000 	/usr/lib/libate.dylib
0x00007fff2acc3000 	/usr/lib/liblzma.5.dylib
0x00007fff20f9a000 	/System/Library/Frameworks/SystemConfiguration.framework/Versions/A/SystemConfiguration
0x00007fff2a63a000 	/usr/lib/libfakelink.dylib
0x00007fff247be000 	/System/Library/Frameworks/CFNetwork.framework/Versions/A/CFNetwork
0x00007fff2a77a000 	/usr/lib/libarchive.2.dylib
0x00007fff21018000 	/usr/lib/libCRFSuite.dylib
0x00007fff29deb000 	/usr/lib/libbsm.0.dylib
0x00007fff24137000 	/usr/lib/libnetwork.dylib
0x00007fff2a63f000 	/usr/lib/libpcap.A.dylib
0x00007fff263a0000 	/usr/lib/libdns_services.dylib
0x00007fff2acdc000 	/usr/lib/libcoretls_cfhelpers.dylib
0x00007fff2a879000 	/usr/lib/libapple_nghttp2.dylib
0x00007fff2a5d2000 	/usr/lib/system/libkxld.dylib
0x00007fff26019000 	/usr/lib/libsqlite3.dylib
0x00007fff2a352000 	/System/Library/PrivateFrameworks/AppleFSCompression.framework/Versions/A/AppleFSCompression
0x00007fff29dd3000 	/usr/lib/libcoretls.dylib
0x00007fff2a8aa000 	/usr/lib/libpam.2.dylib
0x00007fff2adda000 	/usr/lib/libxar.1.dylib
0x00007fff290d5000 	/System/Library/PrivateFrameworks/AppleSystemInfo.framework/Versions/A/AppleSystemInfo
0x00007fff29a15000 	/System/Library/PrivateFrameworks/IOMobileFramebuffer.framework/Versions/A/IOMobileFramebuffer
0x00007fff2a362000 	/usr/lib/libbz2.1.0.dylib
0x00007fff2a677000 	/usr/lib/libiconv.2.dylib
0x00007fff2a5cb000 	/usr/lib/libcharset.1.dylib
0x00007fff2724e000 	/System/Library/Frameworks/CoreServices.framework/Versions/A/Frameworks/FSEvents.framework/Versions/A/FSEvents
0x00007fff228b0000 	/System/Library/Frameworks/CoreServices.framework/Versions/A/Frameworks/CarbonCore.framework/Versions/A/CarbonCore
0x00007fff265bb000 	/System/Library/Frameworks/CoreServices.framework/Versions/A/Frameworks/Metadata.framework/Versions/A/Metadata
0x00007fff2a374000 	/System/Library/Frameworks/CoreServices.framework/Versions/A/Frameworks/OSServices.framework/Versions/A/OSServices
0x00007fff2a7ec000 	/System/Library/Frameworks/CoreServices.framework/Versions/A/Frameworks/SearchKit.framework/Versions/A/SearchKit
0x00007fff2632b000 	/System/Library/Frameworks/CoreServices.framework/Versions/A/Frameworks/AE.framework/Versions/A/AE
0x00007fff20975000 	/System/Library/Frameworks/CoreServices.framework/Versions/A/Frameworks/LaunchServices.framework/Versions/A/LaunchServices
0x00007fff2ac73000 	/System/Library/Frameworks/CoreServices.framework/Versions/A/Frameworks/DictionaryServices.framework/Versions/A/DictionaryServices
0x00007fff2725b000 	/System/Library/Frameworks/CoreServices.framework/Versions/A/Frameworks/SharedFileList.framework/Versions/A/SharedFileList
0x00007fff29dc7000 	/usr/lib/libCheckFix.dylib
0x00007fff24ce1000 	/System/Library/PrivateFrameworks/TCC.framework/Versions/A/TCC
0x00007fff290db000 	/System/Library/PrivateFrameworks/CoreNLP.framework/Versions/A/CoreNLP
0x00007fff2656e000 	/System/Library/PrivateFrameworks/MetadataUtilities.framework/Versions/A/MetadataUtilities
0x00007fff2104d000 	/usr/lib/libmecabra.dylib
0x00007fff2a0d1000 	/System/Library/Frameworks/MLCompute.framework/Versions/A/MLCompute
0x00007fff29dfc000 	/usr/lib/libmecab.dylib
0x00007fff29e46000 	/usr/lib/libgermantok.dylib
0x00007fff2a854000 	/usr/lib/libThaiTokenizer.dylib
0x00007fff2ae15000 	/usr/lib/libChineseTokenizer.dylib
0x00007fff2a8a8000 	/System/Library/Frameworks/MetalPerformanceShaders.framework/Versions/A/MetalPerformanceShaders
0x00007fff2665d000 	/System/Library/Frameworks/Accelerate.framework/Versions/A/Frameworks/vImage.framework/Versions/A/vImage
0x00007fff2ffab000 	/System/Library/Frameworks/Accelerate.framework/Versions/A/Frameworks/vecLib.framework/Versions/A/vecLib
0x00007fff2ae20000 	/System/Library/Frameworks/Accelerate.framework/Versions/A/Frameworks/vecLib.framework/Versions/A/libvMisc.dylib
0x00007fff29830000 	/System/Library/Frameworks/Accelerate.framework/Versions/A/Frameworks/vecLib.framework/Versions/A/libvDSP.dylib
0x00007fff20c80000 	/System/Library/Frameworks/Accelerate.framework/Versions/A/Frameworks/vecLib.framework/Versions/A/libBLAS.dylib
0x00007fff2a8d5000 	/System/Library/Frameworks/Accelerate.framework/Versions/A/Frameworks/vecLib.framework/Versions/A/libLAPACK.dylib
0x00007fff29e4c000 	/System/Library/Frameworks/Accelerate.framework/Versions/A/Frameworks/vecLib.framework/Versions/A/libLinearAlgebra.dylib
0x00007fff2a891000 	/System/Library/Frameworks/Accelerate.framework/Versions/A/Frameworks/vecLib.framework/Versions/A/libSparseBLAS.dylib
0x00007fff2a8cf000 	/System/Library/Frameworks/Accelerate.framework/Versions/A/Frameworks/vecLib.framework/Versions/A/libQuadrature.dylib
0x00007fff29187000 	/System/Library/Frameworks/Accelerate.framework/Versions/A/Frameworks/vecLib.framework/Versions/A/libBNNS.dylib
0x00007fff20f2b000 	/System/Library/Frameworks/Accelerate.framework/Versions/A/Frameworks/vecLib.framework/Versions/A/libSparse.dylib
0x00007fff29063000 	/System/Library/Frameworks/MetalPerformanceShaders.framework/Versions/A/Frameworks/MPSCore.framework/Versions/A/MPSCore
0x00007fff2a2c1000 	/System/Library/Frameworks/MetalPerformanceShaders.framework/Versions/A/Frameworks/MPSImage.framework/Versions/A/MPSImage
0x00007fff29e62000 	/System/Library/Frameworks/MetalPerformanceShaders.framework/Versions/A/Frameworks/MPSNeuralNetwork.framework/Versions/A/MPSNeuralNetwork
0x00007fff2a233000 	/System/Library/Frameworks/MetalPerformanceShaders.framework/Versions/A/Frameworks/MPSMatrix.framework/Versions/A/MPSMatrix
0x00007fff2a081000 	/System/Library/Frameworks/MetalPerformanceShaders.framework/Versions/A/Frameworks/MPSRayIntersector.framework/Versions/A/MPSRayIntersector
0x00007fff2a26a000 	/System/Library/Frameworks/MetalPerformanceShaders.framework/Versions/A/Frameworks/MPSNDArray.framework/Versions/A/MPSNDArray
0x00007fff20bab000 	/System/Library/PrivateFrameworks/MetalTools.framework/Versions/A/MetalTools
0x00007fff290d3000 	/System/Library/PrivateFrameworks/AggregateDictionary.framework/Versions/A/AggregateDictionary
0x00007fff2653b000 	/System/Library/PrivateFrameworks/CoreAnalytics.framework/Versions/A/CoreAnalytics
0x00007fff2a856000 	/System/Library/PrivateFrameworks/AppleSauce.framework/Versions/A/AppleSauce
0x00007fff283d9000 	/System/Library/PrivateFrameworks/IOAccelerator.framework/Versions/A/IOAccelerator
0x00007fff6bb32000 	/System/Library/Frameworks/OpenGL.framework/Versions/A/Libraries/libCoreFSCache.dylib
0x00007fff215e5000 	/System/Library/PrivateFrameworks/LanguageModeling.framework/Versions/A/LanguageModeling
0x00007fff29a03000 	/System/Library/PrivateFrameworks/CoreEmoji.framework/Versions/A/CoreEmoji
0x00007fff29180000 	/System/Library/PrivateFrameworks/LinguisticData.framework/Versions/A/LinguisticData
0x00007fff20edd000 	/System/Library/PrivateFrameworks/Lexicon.framework/Versions/A/Lexicon
0x00007fff2a768000 	/usr/lib/libcmph.dylib
0x00007fff2722e000 	/System/Library/Frameworks/OpenDirectory.framework/Versions/A/Frameworks/CFOpenDirectory.framework/Versions/A/CFOpenDirectory
0x00007fff2721e000 	/System/Library/Frameworks/OpenDirectory.framework/Versions/A/OpenDirectory
0x00007fff2acde000 	/System/Library/PrivateFrameworks/APFS.framework/Versions/A/APFS
0x00007fff29d29000 	/System/Library/Frameworks/SecurityFoundation.framework/Versions/A/SecurityFoundation
0x00007fff2ade8000 	/usr/lib/libutil.dylib
0x00007fff22bdb000 	/System/Library/PrivateFrameworks/CoreServicesStore.framework/Versions/A/CoreServicesStore
0x00007fff29dbf000 	/System/Library/Frameworks/ServiceManagement.framework/Versions/A/ServiceManagement
0x00007fff2adec000 	/usr/lib/libxslt.1.dylib
0x00007fff29db5000 	/System/Library/PrivateFrameworks/BackgroundTaskManagement.framework/Versions/A/BackgroundTaskManagement
0x00007fff2bda0000 	/System/Library/Frameworks/ImageIO.framework/Versions/A/Resources/libRadiance.dylib
0x00007fff2bdaa000 	/System/Library/Frameworks/ImageIO.framework/Versions/A/Resources/libJPEG.dylib
0x00007fff2bcfa000 	/System/Library/Frameworks/ImageIO.framework/Versions/A/Resources/libPng.dylib
0x00007fff2bd1b000 	/System/Library/Frameworks/ImageIO.framework/Versions/A/Resources/libTIFF.dylib
0x00007fff2bdff000 	/System/Library/Frameworks/ImageIO.framework/Versions/A/Resources/libGIF.dylib
0x00007fff2ba4c000 	/System/Library/Frameworks/ImageIO.framework/Versions/A/Resources/libJP2.dylib
0x00007fff2b167000 	/usr/lib/libexpat.1.dylib
0x00007fff2ba02000 	/System/Library/PrivateFrameworks/AppleJPEG.framework/Versions/A/AppleJPEG
0x00007fff2860f000 	/System/Library/PrivateFrameworks/FontServices.framework/libFontParser.dylib
0x00007fff262e2000 	/System/Library/PrivateFrameworks/RunningBoardServices.framework/Versions/A/RunningBoardServices
0x00007fff2bb2c000 	/System/Library/PrivateFrameworks/WatchdogClient.framework/Versions/A/WatchdogClient
0x00007fff216ce000 	/System/Library/Frameworks/CoreDisplay.framework/Versions/A/CoreDisplay
0x00007fff28524000 	/System/Library/Frameworks/CoreMedia.framework/Versions/A/CoreMedia
0x00007fff273ae000 	/System/Library/Frameworks/CoreVideo.framework/Versions/A/CoreVideo
0x00007fff2bb67000 	/System/Library/Frameworks/VideoToolbox.framework/Versions/A/VideoToolbox
0x00007fff26262000 	/System/Library/PrivateFrameworks/BaseBoard.framework/Versions/A/BaseBoard
0x00007fff2b2ac000 	/System/Library/PrivateFrameworks/PersistentConnection.framework/Versions/A/PersistentConnection
0x00007fff26003000 	/System/Library/PrivateFrameworks/ProtocolBuffer.framework/Versions/A/ProtocolBuffer
0x00007fff2624a000 	/System/Library/PrivateFrameworks/CommonUtilities.framework/Versions/A/CommonUtilities
0x00007fff2b9c5000 	/System/Library/PrivateFrameworks/Bom.framework/Versions/A/Bom
0x00007fff2bd98000 	/System/Library/PrivateFrameworks/GPUWrangler.framework/Versions/A/GPUWrangler
0x00007fff2bd7b000 	/System/Library/PrivateFrameworks/IOPresentment.framework/Versions/A/IOPresentment
0x00007fff2bda4000 	/System/Library/PrivateFrameworks/DSExternalDisplay.framework/Versions/A/DSExternalDisplay
0x00007fff2be04000 	/System/Library/PrivateFrameworks/CMCaptureCore.framework/Versions/A/CMCaptureCore
0x00007fff2b748000 	/System/Library/PrivateFrameworks/AppServerSupport.framework/Versions/A/AppServerSupport
0x00007fff2d7df000 	/System/Library/PrivateFrameworks/perfdata.framework/Versions/A/perfdata
0x00007fff29d18000 	/System/Library/PrivateFrameworks/AssertionServices.framework/Versions/A/AssertionServices
0x00007fff21805000 	/System/Library/PrivateFrameworks/AudioToolboxCore.framework/Versions/A/AudioToolboxCore
0x00007fff28507000 	/System/Library/PrivateFrameworks/caulk.framework/Versions/A/caulk
0x00007fff3cc8b000 	/System/Library/PrivateFrameworks/SystemPolicy.framework/Versions/A/SystemPolicy
0x00007fff2af76000 	/usr/lib/libIOReport.dylib
0x00007fff2d01b000 	/usr/lib/libSMC.dylib
0x00007fff2bcc6000 	/usr/lib/libAudioToolboxUtility.dylib
0x00007fff3d5e8000 	/usr/lib/libmis.dylib
0x00007fff6bb8e000 	/System/Library/Frameworks/OpenGL.framework/Versions/A/Libraries/libGLU.dylib
0x00007fff6bb51000 	/System/Library/Frameworks/OpenGL.framework/Versions/A/Libraries/libGFXShared.dylib
0x00007fff6bd5f000 	/System/Library/Frameworks/OpenGL.framework/Versions/A/Libraries/libGL.dylib
0x00007fff6bb5a000 	/System/Library/Frameworks/OpenGL.framework/Versions/A/Libraries/libGLImage.dylib
0x00007fff6bb4e000 	/System/Library/Frameworks/OpenGL.framework/Versions/A/Libraries/libCVMSPluginSupport.dylib
0x00007fff6bb39000 	/System/Library/Frameworks/OpenGL.framework/Versions/A/Libraries/libCoreVMClient.dylib
0x00007fff6d1a9000 	/System/Library/Frameworks/OpenCL.framework/Versions/A/OpenCL
0x00007fff2b2d5000 	/System/Library/PrivateFrameworks/GraphVisualizer.framework/Versions/A/GraphVisualizer
0x00007fff2b2e4000 	/System/Library/PrivateFrameworks/FaceCore.framework/Versions/A/FaceCore
0x00007fff2b700000 	/System/Library/PrivateFrameworks/OTSVG.framework/Versions/A/OTSVG
0x00007fff26fa3000 	/System/Library/Frameworks/ApplicationServices.framework/Versions/A/Frameworks/ATS.framework/Versions/A/Resources/libFontRegistry.dylib
0x00007fff2b74f000 	/System/Library/PrivateFrameworks/FontServices.framework/libhvf.dylib
0x00007fff2b113000 	/System/Library/PrivateFrameworks/AppleVA.framework/Versions/A/AppleVA
0x00007fff2ce63000 	/System/Library/Frameworks/ApplicationServices.framework/Versions/A/Frameworks/ATS.framework/Versions/A/ATS
0x00007fff2d176000 	/System/Library/Frameworks/ApplicationServices.framework/Versions/A/Frameworks/ColorSyncLegacy.framework/Versions/A/ColorSyncLegacy
0x00007fff257e1000 	/System/Library/Frameworks/ApplicationServices.framework/Versions/A/Frameworks/HIServices.framework/Versions/A/HIServices
0x00007fff2d15b000 	/System/Library/Frameworks/ApplicationServices.framework/Versions/A/Frameworks/LangAnalysis.framework/Versions/A/LangAnalysis
0x00007fff2be0e000 	/System/Library/Frameworks/ApplicationServices.framework/Versions/A/Frameworks/PrintCore.framework/Versions/A/PrintCore
0x00007fff2d17e000 	/System/Library/Frameworks/ApplicationServices.framework/Versions/A/Frameworks/QD.framework/Versions/A/QD
0x00007fff2ce53000 	/System/Library/Frameworks/ApplicationServices.framework/Versions/A/Frameworks/SpeechSynthesis.framework/Versions/A/SpeechSynthesis
0x00007fff2bdcf000 	/System/Library/Frameworks/ApplicationServices.framework/Versions/A/Frameworks/ATSUI.framework/Versions/A/ATSUI
0x00007fff2d0fb000 	/usr/lib/libcups.2.dylib
0x00007fff2d16b000 	/System/Library/PrivateFrameworks/NetAuth.framework/Versions/A/NetAuth
0x00007fff2d7fa000 	/System/Library/Frameworks/Kerberos.framework/Versions/A/Kerberos
0x00007fff2d80a000 	/System/Library/Frameworks/GSS.framework/Versions/A/GSS
0x00007fff2ced0000 	/usr/lib/libresolv.9.dylib
0x00007fff2b765000 	/System/Library/PrivateFrameworks/Heimdal.framework/Versions/A/Heimdal
0x00007fff334c1000 	/System/Library/Frameworks/Kerberos.framework/Versions/A/Libraries/libHeimdalProxy.dylib
0x00007fff263af000 	/System/Library/Frameworks/Network.framework/Versions/A/Network
0x00007fff2b181000 	/usr/lib/libheimdal-asn1.dylib
0x00007fff2d85b000 	/System/Library/PrivateFrameworks/CommonAuth.framework/Versions/A/CommonAuth
0x00007fff273fc000 	/System/Library/PrivateFrameworks/login.framework/Versions/A/Frameworks/loginsupport.framework/Versions/A/loginsupport
0x00007fff2cdda000 	/System/Library/PrivateFrameworks/AudioSession.framework/Versions/A/AudioSession
0x00007fff2ce40000 	/usr/lib/libAudioStatistics.dylib
0x00007fff2b20d000 	/System/Library/PrivateFrameworks/MediaExperience.framework/Versions/A/MediaExperience
0x00007fff2cc73000 	/System/Library/PrivateFrameworks/AudioSession.framework/libSessionUtility.dylib
0x00007fff2d7eb000 	/usr/lib/libperfcheck.dylib
0x00007fff2d18a000 	/System/Library/PrivateFrameworks/AudioResourceArbitration.framework/Versions/A/AudioResourceArbitration
0x00007fff2b18b000 	/System/Library/PrivateFrameworks/IconFoundation.framework/Versions/A/IconFoundation
0x00007fff2fc8e000 	/System/Library/PrivateFrameworks/SpeechRecognitionCore.framework/Versions/A/SpeechRecognitionCore
0x0000000110000000 	/usr/local/Cellar/openjdk/16.0.2/libexec/openjdk.jdk/Contents/Home/lib/server/libjvm.dylib
0x0000000109b5f000 	/usr/local/Cellar/openjdk/16.0.2/libexec/openjdk.jdk/Contents/Home/lib/libjimage.dylib
0x0000000109bb5000 	/usr/local/Cellar/openjdk/16.0.2/libexec/openjdk.jdk/Contents/Home/lib/libjava.dylib
0x0000000109f71000 	/usr/local/Cellar/openjdk/16.0.2/libexec/openjdk.jdk/Contents/Home/lib/libnio.dylib
0x0000000109f89000 	/usr/local/Cellar/openjdk/16.0.2/libexec/openjdk.jdk/Contents/Home/lib/libnet.dylib
0x0000000109fa5000 	/usr/local/Cellar/openjdk/16.0.2/libexec/openjdk.jdk/Contents/Home/lib/libzip.dylib
0x0000000133ee7000 	/private/var/folders/8r/zlxq4sq93rb1mppnbg3rk3sr0000gn/T/sqlite-3.8.11.2-392c2388-983d-402e-b423-8d962a063fc0-libsqlitejdbc.jnilib


VM Arguments:
jvm_args: -Dfile.encoding=UTF-8 -Duser.country=AU -Duser.language=en -Duser.variant 
java_command: MBS.App
java_class_path (initial): /Users/hongxin/Desktop/F14-Group4-Assignment-2/BookingSystem/app/build/classes/java/main:/Users/hongxin/Desktop/F14-Group4-Assignment-2/BookingSystem/app/build/resources/main:/Users/hongxin/.gradle/caches/modules-2/files-2.1/org.testng/testng/7.1.0/b0bcea778fb2899aeb4014c558babea8833d180a/testng-7.1.0.jar:/Users/hongxin/.gradle/caches/modules-2/files-2.1/com.googlecode.json-simple/json-simple/1.1.1/c9ad4a0850ab676c5c64461a05ca524cdfff59f1/json-simple-1.1.1.jar:/Users/hongxin/.gradle/caches/modules-2/files-2.1/junit/junit/4.13.1/cdd00374f1fee76b11e2a9d127405aa3f6be5b6a/junit-4.13.1.jar:/Users/hongxin/.gradle/caches/modules-2/files-2.1/com.google.inject/guice/4.1.0/faf9ee8ac09eafd1128091426dd367a8c0085d55/guice-4.1.0-no_aop.jar:/Users/hongxin/.gradle/caches/modules-2/files-2.1/com.google.guava/guava/30.1.1-jre/87e0fd1df874ea3cbe577702fe6f17068b790fd8/guava-30.1.1-jre.jar:/Users/hongxin/.gradle/caches/modules-2/files-2.1/org.xerial/sqlite-jdbc/3.8.11.2/dec208cba8debb0a8b9204b08d8d887d63041f0f/sqlite-jdbc-3.8.11.2.jar:/Users/hongxin/.gradle/caches/modules-2/files-2.1/com.beust/jcommander/1.72/6375e521c1e11d6563d4f25a07ce124ccf8cd171/jcommander-1.72.jar:/Users/hongxin/.gradle/caches/modules-2/files-2.1/org.yaml/snakeyaml/1.21/18775fdda48574784f40b47bf478ab0593f92e4d/snakeyaml-1.21.jar:/Users/hongxin/.gradle/caches/modules-2/files-2.1/org.hamcrest/hamcrest-core/1.3/42a25dc3219429f0e5d060061f71acb49bf010a0/hamcrest-core-1.3.jar:/Users/hongxin/.gradle/caches/modules-2/files-2.1/com.google.guava/failureaccess/1.0.1/1dcf1de382a0bf95a3d8b0849546c88bac1292c9/failureaccess-1.0.1.jar:/Users/hongxin/.gradle/caches/modules-2/files-2.1/com.google.guava/listenablefuture/9999.0-empty-to-avoid-conflict-with-guava/b421526c5f297295adef1c886e5246c39d4ac629/listenablefuture-9999.0-empty-to-avoid-conflict-with-guava.jar:/Users/hongxin/.gradle/caches/modules-2/files-2.1/com.google.code.findbugs/jsr305/3.0.2/25ea2e8b0c338a877313bd4672d3fe056ea78f0d/jsr305-3.0.2.ja
Launcher Type: SUN_STANDARD

[Global flags]
     intx CICompilerCount                          = 4                                         {product} {ergonomic}
     uint ConcGCThreads                            = 3                                         {product} {ergonomic}
     uint G1ConcRefinementThreads                  = 10                                        {product} {ergonomic}
   size_t G1HeapRegionSize                         = 2097152                                   {product} {ergonomic}
    uintx GCDrainStackTargetSize                   = 64                                        {product} {ergonomic}
   size_t InitialHeapSize                          = 268435456                                 {product} {ergonomic}
   size_t MarkStackSize                            = 4194304                                   {product} {ergonomic}
   size_t MaxHeapSize                              = 4294967296                                {product} {ergonomic}
   size_t MaxNewSize                               = 2575302656                                {product} {ergonomic}
   size_t MinHeapDeltaBytes                        = 2097152                                   {product} {ergonomic}
   size_t MinHeapSize                              = 8388608                                   {product} {ergonomic}
    uintx NonNMethodCodeHeapSize                   = 5839372                                {pd product} {ergonomic}
    uintx NonProfiledCodeHeapSize                  = 122909434                              {pd product} {ergonomic}
    uintx ProfiledCodeHeapSize                     = 122909434                              {pd product} {ergonomic}
    uintx ReservedCodeCacheSize                    = 251658240                              {pd product} {ergonomic}
     bool SegmentedCodeCache                       = true                                      {product} {ergonomic}
   size_t SoftMaxHeapSize                          = 4294967296                             {manageable} {ergonomic}
     bool UseCompressedClassPointers               = true                           {product lp64_product} {ergonomic}
     bool UseCompressedOops                        = true                           {product lp64_product} {ergonomic}
     bool UseG1GC                                  = true                                      {product} {ergonomic}
     bool UseNUMA                                  = false                                     {product} {ergonomic}
     bool UseNUMAInterleaving                      = false                                     {product} {ergonomic}

Logging:
Log output configuration:
 #0: stdout all=warning uptime,level,tags
 #1: stderr all=off uptime,level,tags

Environment Variables:
JAVA_HOME=/usr/local/opt/openjdk/libexec/openjdk.jdk/Contents/Home
PATH=/Library/Frameworks/Python.framework/Versions/3.10/bin:/usr/local/bin:/usr/bin:/bin:/usr/sbin:/sbin
SHELL=/bin/zsh
LC_CTYPE=en_AU.UTF-8

Signal Handlers:
SIGSEGV: [libjvm.dylib+0x81319e], sa_mask[0]=11100110000111110111111111111111, sa_flags=SA_ONSTACK|SA_RESTART|SA_SIGINFO
SIGBUS: [libjvm.dylib+0x81319e], sa_mask[0]=11100110000111110111111111111111, sa_flags=SA_RESTART|SA_SIGINFO
SIGFPE: [libjvm.dylib+0x81319e], sa_mask[0]=11100110000111110111111111111111, sa_flags=SA_RESTART|SA_SIGINFO
SIGPIPE: [libjvm.dylib+0x72b8bc], sa_mask[0]=11100110000111110111111111111111, sa_flags=SA_RESTART|SA_SIGINFO
SIGXFSZ: [libjvm.dylib+0x72b8bc], sa_mask[0]=11100110000111110111111111111111, sa_flags=SA_RESTART|SA_SIGINFO
SIGILL: [libjvm.dylib+0x81319e], sa_mask[0]=11100110000111110111111111111111, sa_flags=SA_RESTART|SA_SIGINFO
SIGUSR2: [libjvm.dylib+0x72bdfd], sa_mask[0]=00100000000000000000000000000000, sa_flags=SA_RESTART|SA_SIGINFO
SIGHUP: [libjvm.dylib+0x72afeb], sa_mask[0]=11100110000111110111111111111111, sa_flags=SA_RESTART|SA_SIGINFO
SIGINT: [libjvm.dylib+0x72afeb], sa_mask[0]=11100110000111110111111111111111, sa_flags=SA_RESTART|SA_SIGINFO
SIGTERM: [libjvm.dylib+0x72afeb], sa_mask[0]=11100110000111110111111111111111, sa_flags=SA_RESTART|SA_SIGINFO
SIGQUIT: [libjvm.dylib+0x72afeb], sa_mask[0]=11100110000111110111111111111111, sa_flags=SA_RESTART|SA_SIGINFO
SIGTRAP: [libjvm.dylib+0x81319e], sa_mask[0]=11100110000111110111111111111111, sa_flags=SA_RESTART|SA_SIGINFO


---------------  S Y S T E M  ---------------

OS:uname: Darwin 20.6.0 Darwin Kernel Version 20.6.0: Mon Aug 30 06:12:21 PDT 2021; root:xnu-7195.141.6~3/RELEASE_X86_64 x86_64
OS uptime: 18 days 19:30 hours
rlimit (soft/hard): STACK 8192k/65532k , CORE 0k/infinity , NPROC 2784/4176 , NOFILE 10240/infinity , AS infinity/infinity , CPU infinity/infinity , DATA infinity/infinity , FSIZE infinity/infinity , MEMLOCK infinity/infinity , RSS infinity/infinity
load average: 2.37 2.59 2.85

CPU: total 12 (initial active 12) (6 cores per cpu, 2 threads per core) family 6 model 158 stepping 10 microcode 0xea, cx8, cmov, fxsr, ht, mmx, 3dnowpref, sse, sse2, sse3, ssse3, sse4.1, sse4.2, popcnt, lzcnt, tsc, tscinvbit, avx, avx2, aes, erms, clmul, bmi1, bmi2, adx, fma, vzeroupper, clflush, clflushopt

Memory: 4k page, physical 16777216k(87988k free), swap 4194304k(1320704k free)

vm_info: OpenJDK 64-Bit Server VM (16.0.2+0) for bsd-amd64 JRE (16.0.2+0), built on Aug  7 2021 17:06:13 by "brew" with clang Apple LLVM 12.0.5 (clang-1205.0.22.9)

END.
